mode: atomic
github.com/zy84338719/upftp/biz/handler/download/download_service.go:19.59,22.20 2 0
github.com/zy84338719/upftp/biz/handler/download/download_service.go:22.20,25.3 2 0
github.com/zy84338719/upftp/biz/handler/download/download_service.go:28.2,34.20 5 0
github.com/zy84338719/upftp/biz/handler/download/download_service.go:34.20,36.3 1 0
github.com/zy84338719/upftp/biz/handler/download/download_service.go:38.2,42.16 3 0
github.com/zy84338719/upftp/biz/handler/download/download_service.go:42.16,43.25 1 0
github.com/zy84338719/upftp/biz/handler/download/download_service.go:43.25,47.4 3 0
github.com/zy84338719/upftp/biz/handler/download/download_service.go:48.3,50.9 3 0
github.com/zy84338719/upftp/biz/handler/download/download_service.go:54.2,54.18 1 0
github.com/zy84338719/upftp/biz/handler/download/download_service.go:54.18,58.3 2 0
github.com/zy84338719/upftp/biz/handler/download/download_service.go:61.2,62.16 2 0
github.com/zy84338719/upftp/biz/handler/download/download_service.go:62.16,66.3 3 0
github.com/zy84338719/upftp/biz/handler/download/download_service.go:69.2,73.37 5 0
github.com/zy84338719/upftp/biz/handler/download/download_service.go:77.45,79.13 2 0
github.com/zy84338719/upftp/biz/handler/download/download_service.go:80.23,81.21 1 0
github.com/zy84338719/upftp/biz/handler/download/download_service.go:82.14,83.20 1 0
github.com/zy84338719/upftp/biz/handler/download/download_service.go:84.13,85.34 1 0
github.com/zy84338719/upftp/biz/handler/download/download_service.go:86.15,87.28 1 0
github.com/zy84338719/upftp/biz/handler/download/download_service.go:88.14,89.21 1 0
github.com/zy84338719/upftp/biz/handler/download/download_service.go:90.23,91.22 1 0
github.com/zy84338719/upftp/biz/handler/download/download_service.go:92.14,93.21 1 0
github.com/zy84338719/upftp/biz/handler/download/download_service.go:94.14,95.25 1 0
github.com/zy84338719/upftp/biz/handler/download/download_service.go:96.14,97.24 1 0
github.com/zy84338719/upftp/biz/handler/download/download_service.go:98.14,99.27 1 0
github.com/zy84338719/upftp/biz/handler/download/download_service.go:100.14,101.22 1 0
github.com/zy84338719/upftp/biz/handler/download/download_service.go:102.13,103.25 1 0
github.com/zy84338719/upftp/biz/handler/download/download_service.go:104.14,105.27 1 0
github.com/zy84338719/upftp/biz/handler/download/download_service.go:106.14,107.27 1 0
github.com/zy84338719/upftp/biz/handler/download/download_service.go:108.14,109.21 1 0
github.com/zy84338719/upftp/biz/handler/download/download_service.go:110.14,111.22 1 0
github.com/zy84338719/upftp/biz/handler/download/download_service.go:112.15,113.22 1 0
github.com/zy84338719/upftp/biz/handler/download/download_service.go:114.14,115.21 1 0
github.com/zy84338719/upftp/biz/handler/download/download_service.go:116.10,117.36 1 0
github.com/zy84338719/upftp/biz/handler/settings/settings_web_service.go:24.33,25.20 1 0
github.com/zy84338719/upftp/biz/handler/settings/settings_web_service.go:25.20,27.3 1 0
github.com/zy84338719/upftp/biz/handler/settings/settings_web_service.go:28.2,28.12 1 0
github.com/zy84338719/upftp/biz/handler/settings/settings_web_service.go:33.68,37.16 4 0
github.com/zy84338719/upftp/biz/handler/settings/settings_web_service.go:37.16,40.3 2 0
github.com/zy84338719/upftp/biz/handler/settings/settings_web_service.go:42.2,60.4 3 0
github.com/zy84338719/upftp/biz/handler/settings/settings_web_service.go:65.68,69.16 4 0
github.com/zy84338719/upftp/biz/handler/settings/settings_web_service.go:69.16,72.3 2 0
github.com/zy84338719/upftp/biz/handler/settings/settings_web_service.go:74.2,75.16 2 0
github.com/zy84338719/upftp/biz/handler/settings/settings_web_service.go:75.16,78.3 2 0
github.com/zy84338719/upftp/biz/handler/settings/settings_web_service.go:80.2,83.55 2 0
github.com/zy84338719/upftp/biz/handler/settings/settings_web_service.go:83.55,86.3 2 0
github.com/zy84338719/upftp/biz/handler/settings/settings_web_service.go:88.2,88.76 1 0
github.com/zy84338719/upftp/biz/handler/settings/settings_web_service.go:88.76,91.3 2 0
github.com/zy84338719/upftp/biz/handler/settings/settings_web_service.go:93.2,96.31 2 0
github.com/zy84338719/upftp/biz/handler/settings/settings_web_service.go:101.63,105.16 4 0
github.com/zy84338719/upftp/biz/handler/settings/settings_web_service.go:105.16,108.3 2 0
github.com/zy84338719/upftp/biz/handler/settings/settings_web_service.go:110.2,111.16 2 0
github.com/zy84338719/upftp/biz/handler/settings/settings_web_service.go:111.16,114.3 2 0
github.com/zy84338719/upftp/biz/handler/settings/settings_web_service.go:116.2,120.54 2 0
github.com/zy84338719/upftp/biz/handler/settings/settings_web_service.go:120.54,123.3 2 0
github.com/zy84338719/upftp/biz/handler/settings/settings_web_service.go:125.2,126.27 2 0
github.com/zy84338719/upftp/biz/handler/settings/settings_web_service.go:126.27,128.3 1 0
github.com/zy84338719/upftp/biz/handler/settings/settings_web_service.go:129.2,129.27 1 0
github.com/zy84338719/upftp/biz/handler/settings/settings_web_service.go:129.27,131.3 1 0
github.com/zy84338719/upftp/biz/handler/settings/settings_web_service.go:133.2,137.31 3 0
github.com/zy84338719/upftp/biz/handler/settings/settings_web_service.go:142.68,144.16 2 0
github.com/zy84338719/upftp/biz/handler/settings/settings_web_service.go:144.16,147.3 2 0
github.com/zy84338719/upftp/biz/handler/settings/settings_web_service.go:149.2,159.59 2 0
github.com/zy84338719/upftp/biz/handler/settings/settings_web_service.go:159.59,162.3 2 0
github.com/zy84338719/upftp/biz/handler/settings/settings_web_service.go:164.2,173.31 7 0
github.com/zy84338719/upftp/biz/handler/settings/settings_web_service.go:173.31,175.3 1 0
github.com/zy84338719/upftp/biz/handler/settings/settings_web_service.go:176.2,176.34 1 0
github.com/zy84338719/upftp/biz/handler/settings/settings_web_service.go:176.34,178.3 1 0
github.com/zy84338719/upftp/biz/handler/settings/settings_web_service.go:179.2,179.31 1 0
github.com/zy84338719/upftp/biz/handler/settings/settings_web_service.go:179.31,181.3 1 0
github.com/zy84338719/upftp/biz/handler/settings/settings_web_service.go:184.2,184.42 1 0
github.com/zy84338719/upftp/biz/handler/settings/settings_web_service.go:184.42,186.3 1 0
github.com/zy84338719/upftp/biz/handler/settings/settings_web_service.go:188.2,193.4 2 0
github.com/zy84338719/upftp/biz/handler/index/embedded.go:13.29,15.16 2 0
github.com/zy84338719/upftp/biz/handler/index/embedded.go:15.16,16.13 1 0
github.com/zy84338719/upftp/biz/handler/index/embedded.go:18.2,18.11 1 0
github.com/zy84338719/upftp/biz/handler/index/embedded.go:22.52,24.2 1 0
github.com/zy84338719/upftp/biz/handler/index/index_service.go:31.33,32.20 1 0
github.com/zy84338719/upftp/biz/handler/index/index_service.go:32.20,34.3 1 0
github.com/zy84338719/upftp/biz/handler/index/index_service.go:35.2,35.12 1 0
github.com/zy84338719/upftp/biz/handler/index/index_service.go:39.34,40.25 1 0
github.com/zy84338719/upftp/biz/handler/index/index_service.go:40.25,43.17 2 0
github.com/zy84338719/upftp/biz/handler/index/index_service.go:43.17,46.4 2 0
github.com/zy84338719/upftp/biz/handler/index/index_service.go:47.3,47.70 1 0
github.com/zy84338719/upftp/biz/handler/index/index_service.go:51.2,52.16 2 0
github.com/zy84338719/upftp/biz/handler/index/index_service.go:52.16,54.3 1 0
github.com/zy84338719/upftp/biz/handler/index/index_service.go:57.2,65.9 2 0
github.com/zy84338719/upftp/biz/handler/index/index_service.go:70.66,71.15 1 0
github.com/zy84338719/upftp/biz/handler/index/index_service.go:71.15,72.31 1 0
github.com/zy84338719/upftp/biz/handler/index/index_service.go:72.31,75.4 2 0
github.com/zy84338719/upftp/biz/handler/index/index_service.go:78.2,81.16 2 0
github.com/zy84338719/upftp/biz/handler/index/index_service.go:81.16,85.3 3 0
github.com/zy84338719/upftp/biz/handler/index/index_service.go:87.2,88.16 2 0
github.com/zy84338719/upftp/biz/handler/index/index_service.go:88.16,91.3 2 0
github.com/zy84338719/upftp/biz/handler/index/index_service.go:93.2,113.43 4 0
github.com/zy84338719/upftp/biz/handler/index/index_service.go:113.43,116.4 2 0
github.com/zy84338719/upftp/biz/handler/index/index_service.go:120.2,124.16 3 0
github.com/zy84338719/upftp/biz/handler/index/index_service.go:124.16,128.3 3 0
github.com/zy84338719/upftp/biz/handler/index/index_service.go:130.2,131.76 2 0
github.com/zy84338719/upftp/biz/handler/index/index_service.go:131.76,135.3 3 0
github.com/zy84338719/upftp/biz/handler/index/index_service.go:140.67,144.16 4 0
github.com/zy84338719/upftp/biz/handler/index/index_service.go:144.16,147.3 2 0
github.com/zy84338719/upftp/biz/handler/index/index_service.go:149.2,152.25 3 0
github.com/zy84338719/upftp/biz/handler/index/index_service.go:152.25,154.3 1 0
github.com/zy84338719/upftp/biz/handler/index/index_service.go:155.2,158.31 2 0
github.com/zy84338719/upftp/biz/handler/index/index_service.go:163.68,167.16 4 0
github.com/zy84338719/upftp/biz/handler/index/index_service.go:167.16,170.3 2 0
github.com/zy84338719/upftp/biz/handler/index/index_service.go:172.2,174.57 2 0
github.com/zy84338719/upftp/biz/handler/index/index_service.go:174.57,176.3 1 0
github.com/zy84338719/upftp/biz/handler/index/index_service.go:178.2,179.16 2 0
github.com/zy84338719/upftp/biz/handler/index/index_service.go:179.16,185.3 3 0
github.com/zy84338719/upftp/biz/handler/index/index_service.go:188.2,189.26 2 0
github.com/zy84338719/upftp/biz/handler/index/index_service.go:189.26,201.3 1 0
github.com/zy84338719/upftp/biz/handler/index/index_service.go:204.2,207.4 1 0
github.com/zy84338719/upftp/biz/handler/index/index_service.go:212.70,216.16 4 0
github.com/zy84338719/upftp/biz/handler/index/index_service.go:216.16,219.3 2 0
github.com/zy84338719/upftp/biz/handler/index/index_service.go:221.2,223.57 2 0
github.com/zy84338719/upftp/biz/handler/index/index_service.go:223.57,225.3 1 0
github.com/zy84338719/upftp/biz/handler/index/index_service.go:227.2,228.16 2 0
github.com/zy84338719/upftp/biz/handler/index/index_service.go:228.16,238.3 3 0
github.com/zy84338719/upftp/biz/handler/index/index_service.go:241.2,246.4 2 0
github.com/zy84338719/upftp/biz/handler/index/index_service.go:251.63,255.16 4 0
github.com/zy84338719/upftp/biz/handler/index/index_service.go:255.16,258.3 2 0
github.com/zy84338719/upftp/biz/handler/index/index_service.go:260.2,261.18 2 0
github.com/zy84338719/upftp/biz/handler/index/index_service.go:261.18,264.3 2 0
github.com/zy84338719/upftp/biz/handler/index/index_service.go:266.2,267.73 2 0
github.com/zy84338719/upftp/biz/handler/index/index_service.go:267.73,270.3 2 0
github.com/zy84338719/upftp/biz/handler/index/index_service.go:272.2,273.16 2 0
github.com/zy84338719/upftp/biz/handler/index/index_service.go:273.16,277.3 3 0
github.com/zy84338719/upftp/biz/handler/index/index_service.go:279.2,281.36 3 0
github.com/zy84338719/upftp/biz/handler/index/index_service.go:285.69,286.17 1 0
github.com/zy84338719/upftp/biz/handler/index/index_service.go:286.17,291.3 1 0
github.com/zy84338719/upftp/biz/handler/index/index_service.go:292.2,298.28 2 0
github.com/zy84338719/upftp/biz/handler/index/index_service.go:298.28,300.39 2 0
github.com/zy84338719/upftp/biz/handler/index/index_service.go:300.39,302.4 1 0
github.com/zy84338719/upftp/biz/handler/index/index_service.go:303.3,303.32 1 0
github.com/zy84338719/upftp/biz/handler/index/index_service.go:305.2,305.15 1 0
github.com/zy84338719/upftp/biz/handler/index/template.go:9.30,12.16 2 0
github.com/zy84338719/upftp/biz/handler/index/template.go:12.16,14.3 1 0
github.com/zy84338719/upftp/biz/handler/index/template.go:15.2,15.57 1 0
github.com/zy84338719/upftp/biz/handler/index/template.go:18.61,22.2 3 0
github.com/zy84338719/upftp/router.go:11.42,15.2 1 0
github.com/zy84338719/upftp/router_gen.go:11.32,16.2 2 0
github.com/zy84338719/upftp/biz/handler/account/account_service.go:15.66,18.2 2 0
github.com/zy84338719/upftp/biz/handler/account/account_service.go:22.62,26.16 4 0
github.com/zy84338719/upftp/biz/handler/account/account_service.go:26.16,29.3 2 0
github.com/zy84338719/upftp/biz/handler/account/account_service.go:31.2,33.31 2 0
github.com/zy84338719/upftp/biz/handler/account/account_service.go:38.63,42.16 4 0
github.com/zy84338719/upftp/biz/handler/account/account_service.go:42.16,45.3 2 0
github.com/zy84338719/upftp/biz/handler/account/account_service.go:47.2,49.31 2 0
github.com/zy84338719/upftp/biz/handler/ping.go:14.55,18.2 1 0
github.com/zy84338719/upftp/biz/handler/file/file_service.go:15.60,19.16 4 0
github.com/zy84338719/upftp/biz/handler/file/file_service.go:19.16,22.3 2 0
github.com/zy84338719/upftp/biz/handler/file/file_service.go:24.2,26.31 2 0
github.com/zy84338719/upftp/biz/handler/file/file_service.go:31.58,35.16 4 0
github.com/zy84338719/upftp/biz/handler/file/file_service.go:35.16,38.3 2 0
github.com/zy84338719/upftp/biz/handler/file/file_service.go:40.2,42.31 2 0
github.com/zy84338719/upftp/biz/handler/file/file_service.go:47.61,51.16 4 0
github.com/zy84338719/upftp/biz/handler/file/file_service.go:51.16,54.3 2 0
github.com/zy84338719/upftp/biz/handler/file/file_service.go:56.2,58.31 2 0
github.com/zy84338719/upftp/biz/handler/file/file_service.go:63.61,67.16 4 0
github.com/zy84338719/upftp/biz/handler/file/file_service.go:67.16,70.3 2 0
github.com/zy84338719/upftp/biz/handler/file/file_service.go:72.2,74.31 2 0
github.com/zy84338719/upftp/biz/handler/fileops/file_ops_service.go:26.33,27.20 1 0
github.com/zy84338719/upftp/biz/handler/fileops/file_ops_service.go:27.20,29.3 1 0
github.com/zy84338719/upftp/biz/handler/fileops/file_ops_service.go:30.2,30.12 1 0
github.com/zy84338719/upftp/biz/handler/fileops/file_ops_service.go:34.44,36.38 1 0
github.com/zy84338719/upftp/biz/handler/fileops/file_ops_service.go:36.38,38.3 1 0
github.com/zy84338719/upftp/biz/handler/fileops/file_ops_service.go:41.2,42.9 2 0
github.com/zy84338719/upftp/biz/handler/fileops/file_ops_service.go:42.9,44.3 1 0
github.com/zy84338719/upftp/biz/handler/fileops/file_ops_service.go:47.2,47.101 1 0
github.com/zy84338719/upftp/biz/handler/fileops/file_ops_service.go:52.63,56.16 4 0
github.com/zy84338719/upftp/biz/handler/fileops/file_ops_service.go:56.16,59.3 2 0
github.com/zy84338719/upftp/biz/handler/fileops/file_ops_service.go:62.2,62.19 1 0
github.com/zy84338719/upftp/biz/handler/fileops/file_ops_service.go:62.19,66.3 3 0
github.com/zy84338719/upftp/biz/handler/fileops/file_ops_service.go:68.2,70.26 2 0
github.com/zy84338719/upftp/biz/handler/fileops/file_ops_service.go:70.26,73.3 2 0
github.com/zy84338719/upftp/biz/handler/fileops/file_ops_service.go:75.2,76.16 2 0
github.com/zy84338719/upftp/biz/handler/fileops/file_ops_service.go:76.16,79.3 2 0
github.com/zy84338719/upftp/biz/handler/fileops/file_ops_service.go:81.2,83.48 3 0
github.com/zy84338719/upftp/biz/handler/fileops/file_ops_service.go:83.48,85.3 1 0
github.com/zy84338719/upftp/biz/handler/fileops/file_ops_service.go:87.2,88.21 2 0
github.com/zy84338719/upftp/biz/handler/fileops/file_ops_service.go:88.21,91.3 2 0
github.com/zy84338719/upftp/biz/handler/fileops/file_ops_service.go:93.2,94.35 2 0
github.com/zy84338719/upftp/biz/handler/fileops/file_ops_service.go:94.35,96.17 2 0
github.com/zy84338719/upftp/biz/handler/fileops/file_ops_service.go:96.17,98.12 2 0
github.com/zy84338719/upftp/biz/handler/fileops/file_ops_service.go:101.3,102.69 2 0
github.com/zy84338719/upftp/biz/handler/fileops/file_ops_service.go:102.69,105.12 3 0
github.com/zy84338719/upftp/biz/handler/fileops/file_ops_service.go:107.3,109.78 3 0
github.com/zy84338719/upftp/biz/handler/fileops/file_ops_service.go:112.2,117.31 2 0
github.com/zy84338719/upftp/biz/handler/fileops/file_ops_service.go:122.69,126.16 4 0
github.com/zy84338719/upftp/biz/handler/fileops/file_ops_service.go:126.16,129.3 2 0
github.com/zy84338719/upftp/biz/handler/fileops/file_ops_service.go:132.2,132.19 1 0
github.com/zy84338719/upftp/biz/handler/fileops/file_ops_service.go:132.19,136.3 3 0
github.com/zy84338719/upftp/biz/handler/fileops/file_ops_service.go:138.2,139.16 2 0
github.com/zy84338719/upftp/biz/handler/fileops/file_ops_service.go:139.16,142.3 2 0
github.com/zy84338719/upftp/biz/handler/fileops/file_ops_service.go:144.2,148.57 2 0
github.com/zy84338719/upftp/biz/handler/fileops/file_ops_service.go:148.57,151.3 2 0
github.com/zy84338719/upftp/biz/handler/fileops/file_ops_service.go:153.2,154.62 2 0
github.com/zy84338719/upftp/biz/handler/fileops/file_ops_service.go:154.62,157.3 2 0
github.com/zy84338719/upftp/biz/handler/fileops/file_ops_service.go:159.2,163.31 3 0
github.com/zy84338719/upftp/biz/handler/fileops/file_ops_service.go:168.63,172.16 4 0
github.com/zy84338719/upftp/biz/handler/fileops/file_ops_service.go:172.16,175.3 2 0
github.com/zy84338719/upftp/biz/handler/fileops/file_ops_service.go:178.2,178.19 1 0
github.com/zy84338719/upftp/biz/handler/fileops/file_ops_service.go:178.19,182.3 3 0
github.com/zy84338719/upftp/biz/handler/fileops/file_ops_service.go:184.2,185.16 2 0
github.com/zy84338719/upftp/biz/handler/fileops/file_ops_service.go:185.16,188.3 2 0
github.com/zy84338719/upftp/biz/handler/fileops/file_ops_service.go:189.2,192.57 2 0
github.com/zy84338719/upftp/biz/handler/fileops/file_ops_service.go:192.57,195.3 2 0
github.com/zy84338719/upftp/biz/handler/fileops/file_ops_service.go:197.2,197.60 1 0
github.com/zy84338719/upftp/biz/handler/fileops/file_ops_service.go:197.60,200.3 2 0
github.com/zy84338719/upftp/biz/handler/fileops/file_ops_service.go:202.2,206.31 3 0
github.com/zy84338719/upftp/biz/handler/fileops/file_ops_service.go:211.63,215.16 4 0
github.com/zy84338719/upftp/biz/handler/fileops/file_ops_service.go:215.16,218.3 2 0
github.com/zy84338719/upftp/biz/handler/fileops/file_ops_service.go:221.2,221.19 1 0
github.com/zy84338719/upftp/biz/handler/fileops/file_ops_service.go:221.19,225.3 3 0
github.com/zy84338719/upftp/biz/handler/fileops/file_ops_service.go:227.2,228.16 2 0
github.com/zy84338719/upftp/biz/handler/fileops/file_ops_service.go:228.16,231.3 2 0
github.com/zy84338719/upftp/biz/handler/fileops/file_ops_service.go:233.2,237.57 2 0
github.com/zy84338719/upftp/biz/handler/fileops/file_ops_service.go:237.57,240.3 2 0
github.com/zy84338719/upftp/biz/handler/fileops/file_ops_service.go:242.2,242.79 1 0
github.com/zy84338719/upftp/biz/handler/fileops/file_ops_service.go:242.79,245.3 2 0
github.com/zy84338719/upftp/biz/handler/fileops/file_ops_service.go:247.2,251.31 3 0
github.com/zy84338719/upftp/biz/handler/auth/auth_service.go:15.63,19.16 4 0
github.com/zy84338719/upftp/biz/handler/auth/auth_service.go:19.16,22.3 2 0
github.com/zy84338719/upftp/biz/handler/auth/auth_service.go:24.2,26.31 2 0
github.com/zy84338719/upftp/biz/handler/system/system_service.go:15.66,19.16 4 0
github.com/zy84338719/upftp/biz/handler/system/system_service.go:19.16,22.3 2 0
github.com/zy84338719/upftp/biz/handler/system/system_service.go:24.2,26.31 2 0
github.com/zy84338719/upftp/biz/handler/system/system_service.go:31.62,35.16 4 0
github.com/zy84338719/upftp/biz/handler/system/system_service.go:35.16,38.3 2 0
github.com/zy84338719/upftp/biz/handler/system/system_service.go:40.2,42.31 2 0
github.com/zy84338719/upftp/biz/handler/system/system_service.go:47.61,51.16 4 0
github.com/zy84338719/upftp/biz/handler/system/system_service.go:51.16,54.3 2 0
github.com/zy84338719/upftp/biz/handler/system/system_service.go:56.2,58.31 2 0
github.com/zy84338719/upftp/biz/model/settings/settings.go:14.50,16.2 1 0
github.com/zy84338719/upftp/biz/model/settings/settings.go:18.45,19.2 0 0
github.com/zy84338719/upftp/biz/model/settings/settings.go:23.71,28.50 3 0
github.com/zy84338719/upftp/biz/model/settings/settings.go:28.50,29.28 1 0
github.com/zy84338719/upftp/biz/model/settings/settings.go:32.2,32.6 1 0
github.com/zy84338719/upftp/biz/model/settings/settings.go:32.6,34.17 2 0
github.com/zy84338719/upftp/biz/model/settings/settings.go:34.17,35.28 1 0
github.com/zy84338719/upftp/biz/model/settings/settings.go:37.3,37.33 1 0
github.com/zy84338719/upftp/biz/model/settings/settings.go:37.33,38.9 1 0
github.com/zy84338719/upftp/biz/model/settings/settings.go:40.3,40.48 1 0
github.com/zy84338719/upftp/biz/model/settings/settings.go:40.48,41.27 1 0
github.com/zy84338719/upftp/biz/model/settings/settings.go:43.3,43.45 1 0
github.com/zy84338719/upftp/biz/model/settings/settings.go:43.45,44.26 1 0
github.com/zy84338719/upftp/biz/model/settings/settings.go:47.2,47.45 1 0
github.com/zy84338719/upftp/biz/model/settings/settings.go:47.45,48.26 1 0
github.com/zy84338719/upftp/biz/model/settings/settings.go:51.2,52.1 2 0
github.com/zy84338719/upftp/biz/model/settings/settings.go:53.2,54.1 2 0
github.com/zy84338719/upftp/biz/model/settings/settings.go:55.2,56.1 2 0
github.com/zy84338719/upftp/biz/model/settings/settings.go:57.2,59.1 2 0
github.com/zy84338719/upftp/biz/model/settings/settings.go:60.2,61.1 2 0
github.com/zy84338719/upftp/biz/model/settings/settings.go:62.2,62.79 1 0
github.com/zy84338719/upftp/biz/model/settings/settings.go:65.72,66.68 1 0
github.com/zy84338719/upftp/biz/model/settings/settings.go:66.68,67.29 1 0
github.com/zy84338719/upftp/biz/model/settings/settings.go:69.2,69.14 1 0
github.com/zy84338719/upftp/biz/model/settings/settings.go:69.15,70.3 0 0
github.com/zy84338719/upftp/biz/model/settings/settings.go:71.2,71.46 1 0
github.com/zy84338719/upftp/biz/model/settings/settings.go:71.46,72.27 1 0
github.com/zy84338719/upftp/biz/model/settings/settings.go:74.2,74.46 1 0
github.com/zy84338719/upftp/biz/model/settings/settings.go:74.46,75.27 1 0
github.com/zy84338719/upftp/biz/model/settings/settings.go:77.2,78.1 2 0
github.com/zy84338719/upftp/biz/model/settings/settings.go:79.2,80.1 2 0
github.com/zy84338719/upftp/biz/model/settings/settings.go:81.2,82.1 2 0
github.com/zy84338719/upftp/biz/model/settings/settings.go:83.2,83.80 1 0
github.com/zy84338719/upftp/biz/model/settings/settings.go:86.46,87.14 1 0
github.com/zy84338719/upftp/biz/model/settings/settings.go:87.14,89.3 1 0
github.com/zy84338719/upftp/biz/model/settings/settings.go:90.2,90.51 1 0
github.com/zy84338719/upftp/biz/model/settings/settings.go:99.52,101.2 1 0
github.com/zy84338719/upftp/biz/model/settings/settings.go:103.46,104.2 0 0
github.com/zy84338719/upftp/biz/model/settings/settings.go:106.67,108.2 1 0
github.com/zy84338719/upftp/biz/model/settings/settings.go:110.53,112.2 1 0
github.com/zy84338719/upftp/biz/model/settings/settings.go:119.72,124.50 3 0
github.com/zy84338719/upftp/biz/model/settings/settings.go:124.50,125.28 1 0
github.com/zy84338719/upftp/biz/model/settings/settings.go:128.2,128.6 1 0
github.com/zy84338719/upftp/biz/model/settings/settings.go:128.6,130.17 2 0
github.com/zy84338719/upftp/biz/model/settings/settings.go:130.17,131.28 1 0
github.com/zy84338719/upftp/biz/model/settings/settings.go:133.3,133.33 1 0
github.com/zy84338719/upftp/biz/model/settings/settings.go:133.33,134.9 1 0
github.com/zy84338719/upftp/biz/model/settings/settings.go:137.3,137.18 1 0
github.com/zy84338719/upftp/biz/model/settings/settings.go:138.10,139.33 1 0
github.com/zy84338719/upftp/biz/model/settings/settings.go:139.33,140.46 1 0
github.com/zy84338719/upftp/biz/model/settings/settings.go:140.46,141.25 1 0
github.com/zy84338719/upftp/biz/model/settings/settings.go:143.10,143.56 1 0
github.com/zy84338719/upftp/biz/model/settings/settings.go:143.56,144.24 1 0
github.com/zy84338719/upftp/biz/model/settings/settings.go:146.10,147.36 1 0
github.com/zy84338719/upftp/biz/model/settings/settings.go:147.36,148.46 1 0
github.com/zy84338719/upftp/biz/model/settings/settings.go:148.46,149.25 1 0
github.com/zy84338719/upftp/biz/model/settings/settings.go:151.10,151.56 1 0
github.com/zy84338719/upftp/biz/model/settings/settings.go:151.56,152.24 1 0
github.com/zy84338719/upftp/biz/model/settings/settings.go:154.11,155.49 1 0
github.com/zy84338719/upftp/biz/model/settings/settings.go:155.49,156.24 1 0
github.com/zy84338719/upftp/biz/model/settings/settings.go:159.3,159.45 1 0
github.com/zy84338719/upftp/biz/model/settings/settings.go:159.45,160.26 1 0
github.com/zy84338719/upftp/biz/model/settings/settings.go:163.2,163.45 1 0
github.com/zy84338719/upftp/biz/model/settings/settings.go:163.45,164.26 1 0
github.com/zy84338719/upftp/biz/model/settings/settings.go:167.2,168.1 2 0
github.com/zy84338719/upftp/biz/model/settings/settings.go:169.2,170.1 2 0
github.com/zy84338719/upftp/biz/model/settings/settings.go:171.2,172.1 2 0
github.com/zy84338719/upftp/biz/model/settings/settings.go:173.2,174.1 2 0
github.com/zy84338719/upftp/biz/model/settings/settings.go:175.2,177.1 2 0
github.com/zy84338719/upftp/biz/model/settings/settings.go:178.2,179.1 2 0
github.com/zy84338719/upftp/biz/model/settings/settings.go:180.2,180.79 1 0
github.com/zy84338719/upftp/biz/model/settings/settings.go:183.72,185.16 2 0
github.com/zy84338719/upftp/biz/model/settings/settings.go:185.16,187.3 1 0
github.com/zy84338719/upftp/biz/model/settings/settings.go:188.2,189.28 2 0
github.com/zy84338719/upftp/biz/model/settings/settings.go:189.28,191.47 2 0
github.com/zy84338719/upftp/biz/model/settings/settings.go:191.47,193.4 1 0
github.com/zy84338719/upftp/biz/model/settings/settings.go:193.9,195.4 1 0
github.com/zy84338719/upftp/biz/model/settings/settings.go:197.3,198.47 2 0
github.com/zy84338719/upftp/biz/model/settings/settings.go:198.47,200.4 1 0
github.com/zy84338719/upftp/biz/model/settings/settings.go:200.9,202.4 1 0
github.com/zy84338719/upftp/biz/model/settings/settings.go:204.3,204.22 1 0
github.com/zy84338719/upftp/biz/model/settings/settings.go:206.2,206.43 1 0
github.com/zy84338719/upftp/biz/model/settings/settings.go:206.43,208.3 1 0
github.com/zy84338719/upftp/biz/model/settings/settings.go:209.2,210.12 2 0
github.com/zy84338719/upftp/biz/model/settings/settings.go:212.72,215.46 2 0
github.com/zy84338719/upftp/biz/model/settings/settings.go:215.46,217.3 1 0
github.com/zy84338719/upftp/biz/model/settings/settings.go:217.8,219.3 1 0
github.com/zy84338719/upftp/biz/model/settings/settings.go:220.2,221.12 2 0
github.com/zy84338719/upftp/biz/model/settings/settings.go:224.73,226.69 2 0
github.com/zy84338719/upftp/biz/model/settings/settings.go:226.69,227.29 1 0
github.com/zy84338719/upftp/biz/model/settings/settings.go:229.2,229.14 1 0
github.com/zy84338719/upftp/biz/model/settings/settings.go:229.14,230.45 1 0
github.com/zy84338719/upftp/biz/model/settings/settings.go:230.45,232.24 2 0
github.com/zy84338719/upftp/biz/model/settings/settings.go:234.3,234.45 1 0
github.com/zy84338719/upftp/biz/model/settings/settings.go:234.45,236.24 2 0
github.com/zy84338719/upftp/biz/model/settings/settings.go:239.2,239.46 1 0
github.com/zy84338719/upftp/biz/model/settings/settings.go:239.46,240.27 1 0
github.com/zy84338719/upftp/biz/model/settings/settings.go:242.2,242.46 1 0
github.com/zy84338719/upftp/biz/model/settings/settings.go:242.46,243.27 1 0
github.com/zy84338719/upftp/biz/model/settings/settings.go:245.2,246.1 2 0
github.com/zy84338719/upftp/biz/model/settings/settings.go:247.2,248.1 2 0
github.com/zy84338719/upftp/biz/model/settings/settings.go:249.2,250.1 2 0
github.com/zy84338719/upftp/biz/model/settings/settings.go:251.2,252.1 2 0
github.com/zy84338719/upftp/biz/model/settings/settings.go:253.2,253.80 1 0
github.com/zy84338719/upftp/biz/model/settings/settings.go:256.79,257.72 1 0
github.com/zy84338719/upftp/biz/model/settings/settings.go:257.72,258.28 1 0
github.com/zy84338719/upftp/biz/model/settings/settings.go:260.2,260.91 1 0
github.com/zy84338719/upftp/biz/model/settings/settings.go:260.91,262.3 1 0
github.com/zy84338719/upftp/biz/model/settings/settings.go:263.2,263.31 1 0
github.com/zy84338719/upftp/biz/model/settings/settings.go:263.31,264.46 1 0
github.com/zy84338719/upftp/biz/model/settings/settings.go:264.46,266.4 1 0
github.com/zy84338719/upftp/biz/model/settings/settings.go:267.3,267.46 1 0
github.com/zy84338719/upftp/biz/model/settings/settings.go:267.46,269.4 1 0
github.com/zy84338719/upftp/biz/model/settings/settings.go:271.2,271.44 1 0
github.com/zy84338719/upftp/biz/model/settings/settings.go:271.44,273.3 1 0
github.com/zy84338719/upftp/biz/model/settings/settings.go:274.2,274.45 1 0
github.com/zy84338719/upftp/biz/model/settings/settings.go:274.45,275.26 1 0
github.com/zy84338719/upftp/biz/model/settings/settings.go:277.2,278.1 2 0
github.com/zy84338719/upftp/biz/model/settings/settings.go:279.2,280.1 2 0
github.com/zy84338719/upftp/biz/model/settings/settings.go:281.2,281.81 1 0
github.com/zy84338719/upftp/biz/model/settings/settings.go:284.79,285.72 1 0
github.com/zy84338719/upftp/biz/model/settings/settings.go:285.72,286.28 1 0
github.com/zy84338719/upftp/biz/model/settings/settings.go:288.2,288.51 1 0
github.com/zy84338719/upftp/biz/model/settings/settings.go:288.51,290.3 1 0
github.com/zy84338719/upftp/biz/model/settings/settings.go:291.2,291.45 1 0
github.com/zy84338719/upftp/biz/model/settings/settings.go:291.45,292.26 1 0
github.com/zy84338719/upftp/biz/model/settings/settings.go:294.2,295.1 2 0
github.com/zy84338719/upftp/biz/model/settings/settings.go:296.2,297.1 2 0
github.com/zy84338719/upftp/biz/model/settings/settings.go:298.2,298.81 1 0
github.com/zy84338719/upftp/biz/model/settings/settings.go:301.47,302.14 1 0
github.com/zy84338719/upftp/biz/model/settings/settings.go:302.14,304.3 1 0
github.com/zy84338719/upftp/biz/model/settings/settings.go:305.2,305.52 1 0
github.com/zy84338719/upftp/biz/model/settings/settings.go:313.50,315.2 1 0
github.com/zy84338719/upftp/biz/model/settings/settings.go:317.45,318.2 0 0
github.com/zy84338719/upftp/biz/model/settings/settings.go:320.55,322.2 1 0
github.com/zy84338719/upftp/biz/model/settings/settings.go:328.71,333.50 3 0
github.com/zy84338719/upftp/biz/model/settings/settings.go:333.50,334.28 1 0
github.com/zy84338719/upftp/biz/model/settings/settings.go:337.2,337.6 1 0
github.com/zy84338719/upftp/biz/model/settings/settings.go:337.6,339.17 2 0
github.com/zy84338719/upftp/biz/model/settings/settings.go:339.17,340.28 1 0
github.com/zy84338719/upftp/biz/model/settings/settings.go:342.3,342.33 1 0
github.com/zy84338719/upftp/biz/model/settings/settings.go:342.33,343.9 1 0
github.com/zy84338719/upftp/biz/model/settings/settings.go:346.3,346.18 1 0
github.com/zy84338719/upftp/biz/model/settings/settings.go:347.10,348.36 1 0
github.com/zy84338719/upftp/biz/model/settings/settings.go:348.36,349.46 1 0
github.com/zy84338719/upftp/biz/model/settings/settings.go:349.46,350.25 1 0
github.com/zy84338719/upftp/biz/model/settings/settings.go:352.10,352.56 1 0
github.com/zy84338719/upftp/biz/model/settings/settings.go:352.56,353.24 1 0
github.com/zy84338719/upftp/biz/model/settings/settings.go:355.11,356.49 1 0
github.com/zy84338719/upftp/biz/model/settings/settings.go:356.49,357.24 1 0
github.com/zy84338719/upftp/biz/model/settings/settings.go:360.3,360.45 1 0
github.com/zy84338719/upftp/biz/model/settings/settings.go:360.45,361.26 1 0
github.com/zy84338719/upftp/biz/model/settings/settings.go:364.2,364.45 1 0
github.com/zy84338719/upftp/biz/model/settings/settings.go:364.45,365.26 1 0
github.com/zy84338719/upftp/biz/model/settings/settings.go:368.2,369.1 2 0
github.com/zy84338719/upftp/biz/model/settings/settings.go:370.2,371.1 2 0
github.com/zy84338719/upftp/biz/model/settings/settings.go:372.2,373.1 2 0
github.com/zy84338719/upftp/biz/model/settings/settings.go:374.2,375.1 2 0
github.com/zy84338719/upftp/biz/model/settings/settings.go:376.2,378.1 2 0
github.com/zy84338719/upftp/biz/model/settings/settings.go:379.2,380.1 2 0
github.com/zy84338719/upftp/biz/model/settings/settings.go:381.2,381.79 1 0
github.com/zy84338719/upftp/biz/model/settings/settings.go:384.71,387.46 2 0
github.com/zy84338719/upftp/biz/model/settings/settings.go:387.46,389.3 1 0
github.com/zy84338719/upftp/biz/model/settings/settings.go:389.8,391.3 1 0
github.com/zy84338719/upftp/biz/model/settings/settings.go:392.2,393.12 2 0
github.com/zy84338719/upftp/biz/model/settings/settings.go:396.72,398.68 2 0
github.com/zy84338719/upftp/biz/model/settings/settings.go:398.68,399.29 1 0
github.com/zy84338719/upftp/biz/model/settings/settings.go:401.2,401.14 1 0
github.com/zy84338719/upftp/biz/model/settings/settings.go:401.14,402.45 1 0
github.com/zy84338719/upftp/biz/model/settings/settings.go:402.45,404.24 2 0
github.com/zy84338719/upftp/biz/model/settings/settings.go:407.2,407.46 1 0
github.com/zy84338719/upftp/biz/model/settings/settings.go:407.46,408.27 1 0
github.com/zy84338719/upftp/biz/model/settings/settings.go:410.2,410.46 1 0
github.com/zy84338719/upftp/biz/model/settings/settings.go:410.46,411.27 1 0
github.com/zy84338719/upftp/biz/model/settings/settings.go:413.2,414.1 2 0
github.com/zy84338719/upftp/biz/model/settings/settings.go:415.2,416.1 2 0
github.com/zy84338719/upftp/biz/model/settings/settings.go:417.2,418.1 2 0
github.com/zy84338719/upftp/biz/model/settings/settings.go:419.2,420.1 2 0
github.com/zy84338719/upftp/biz/model/settings/settings.go:421.2,421.80 1 0
github.com/zy84338719/upftp/biz/model/settings/settings.go:424.78,425.75 1 0
github.com/zy84338719/upftp/biz/model/settings/settings.go:425.75,426.28 1 0
github.com/zy84338719/upftp/biz/model/settings/settings.go:428.2,428.54 1 0
github.com/zy84338719/upftp/biz/model/settings/settings.go:428.54,430.3 1 0
github.com/zy84338719/upftp/biz/model/settings/settings.go:431.2,431.45 1 0
github.com/zy84338719/upftp/biz/model/settings/settings.go:431.45,432.26 1 0
github.com/zy84338719/upftp/biz/model/settings/settings.go:434.2,435.1 2 0
github.com/zy84338719/upftp/biz/model/settings/settings.go:436.2,437.1 2 0
github.com/zy84338719/upftp/biz/model/settings/settings.go:438.2,438.81 1 0
github.com/zy84338719/upftp/biz/model/settings/settings.go:441.46,442.14 1 0
github.com/zy84338719/upftp/biz/model/settings/settings.go:442.14,444.3 1 0
github.com/zy84338719/upftp/biz/model/settings/settings.go:445.2,445.51 1 0
github.com/zy84338719/upftp/biz/model/settings/settings.go:454.52,456.2 1 0
github.com/zy84338719/upftp/biz/model/settings/settings.go:458.46,459.2 0 0
github.com/zy84338719/upftp/biz/model/settings/settings.go:461.53,463.2 1 0
github.com/zy84338719/upftp/biz/model/settings/settings.go:465.53,467.2 1 0
github.com/zy84338719/upftp/biz/model/settings/settings.go:474.72,479.50 3 0
github.com/zy84338719/upftp/biz/model/settings/settings.go:479.50,480.28 1 0
github.com/zy84338719/upftp/biz/model/settings/settings.go:483.2,483.6 1 0
github.com/zy84338719/upftp/biz/model/settings/settings.go:483.6,485.17 2 0
github.com/zy84338719/upftp/biz/model/settings/settings.go:485.17,486.28 1 0
github.com/zy84338719/upftp/biz/model/settings/settings.go:488.3,488.33 1 0
github.com/zy84338719/upftp/biz/model/settings/settings.go:488.33,489.9 1 0
github.com/zy84338719/upftp/biz/model/settings/settings.go:492.3,492.18 1 0
github.com/zy84338719/upftp/biz/model/settings/settings.go:493.10,494.34 1 0
github.com/zy84338719/upftp/biz/model/settings/settings.go:494.34,495.46 1 0
github.com/zy84338719/upftp/biz/model/settings/settings.go:495.46,496.25 1 0
github.com/zy84338719/upftp/biz/model/settings/settings.go:498.10,498.56 1 0
github.com/zy84338719/upftp/biz/model/settings/settings.go:498.56,499.24 1 0
github.com/zy84338719/upftp/biz/model/settings/settings.go:501.10,502.36 1 0
github.com/zy84338719/upftp/biz/model/settings/settings.go:502.36,503.46 1 0
github.com/zy84338719/upftp/biz/model/settings/settings.go:503.46,504.25 1 0
github.com/zy84338719/upftp/biz/model/settings/settings.go:506.10,506.56 1 0
github.com/zy84338719/upftp/biz/model/settings/settings.go:506.56,507.24 1 0
github.com/zy84338719/upftp/biz/model/settings/settings.go:509.11,510.49 1 0
github.com/zy84338719/upftp/biz/model/settings/settings.go:510.49,511.24 1 0
github.com/zy84338719/upftp/biz/model/settings/settings.go:514.3,514.45 1 0
github.com/zy84338719/upftp/biz/model/settings/settings.go:514.45,515.26 1 0
github.com/zy84338719/upftp/biz/model/settings/settings.go:518.2,518.45 1 0
github.com/zy84338719/upftp/biz/model/settings/settings.go:518.45,519.26 1 0
github.com/zy84338719/upftp/biz/model/settings/settings.go:522.2,523.1 2 0
github.com/zy84338719/upftp/biz/model/settings/settings.go:524.2,525.1 2 0
github.com/zy84338719/upftp/biz/model/settings/settings.go:526.2,527.1 2 0
github.com/zy84338719/upftp/biz/model/settings/settings.go:528.2,529.1 2 0
github.com/zy84338719/upftp/biz/model/settings/settings.go:530.2,532.1 2 0
github.com/zy84338719/upftp/biz/model/settings/settings.go:533.2,534.1 2 0
github.com/zy84338719/upftp/biz/model/settings/settings.go:535.2,535.79 1 0
github.com/zy84338719/upftp/biz/model/settings/settings.go:538.72,541.44 2 0
github.com/zy84338719/upftp/biz/model/settings/settings.go:541.44,543.3 1 0
github.com/zy84338719/upftp/biz/model/settings/settings.go:543.8,545.3 1 0
github.com/zy84338719/upftp/biz/model/settings/settings.go:546.2,547.12 2 0
github.com/zy84338719/upftp/biz/model/settings/settings.go:549.72,552.46 2 0
github.com/zy84338719/upftp/biz/model/settings/settings.go:552.46,554.3 1 0
github.com/zy84338719/upftp/biz/model/settings/settings.go:554.8,556.3 1 0
github.com/zy84338719/upftp/biz/model/settings/settings.go:557.2,558.12 2 0
github.com/zy84338719/upftp/biz/model/settings/settings.go:561.73,563.69 2 0
github.com/zy84338719/upftp/biz/model/settings/settings.go:563.69,564.29 1 0
github.com/zy84338719/upftp/biz/model/settings/settings.go:566.2,566.14 1 0
github.com/zy84338719/upftp/biz/model/settings/settings.go:566.14,567.45 1 0
github.com/zy84338719/upftp/biz/model/settings/settings.go:567.45,569.24 2 0
github.com/zy84338719/upftp/biz/model/settings/settings.go:571.3,571.45 1 0
github.com/zy84338719/upftp/biz/model/settings/settings.go:571.45,573.24 2 0
github.com/zy84338719/upftp/biz/model/settings/settings.go:576.2,576.46 1 0
github.com/zy84338719/upftp/biz/model/settings/settings.go:576.46,577.27 1 0
github.com/zy84338719/upftp/biz/model/settings/settings.go:579.2,579.46 1 0
github.com/zy84338719/upftp/biz/model/settings/settings.go:579.46,580.27 1 0
github.com/zy84338719/upftp/biz/model/settings/settings.go:582.2,583.1 2 0
github.com/zy84338719/upftp/biz/model/settings/settings.go:584.2,585.1 2 0
github.com/zy84338719/upftp/biz/model/settings/settings.go:586.2,587.1 2 0
github.com/zy84338719/upftp/biz/model/settings/settings.go:588.2,589.1 2 0
github.com/zy84338719/upftp/biz/model/settings/settings.go:590.2,590.80 1 0
github.com/zy84338719/upftp/biz/model/settings/settings.go:593.79,594.72 1 0
github.com/zy84338719/upftp/biz/model/settings/settings.go:594.72,595.28 1 0
github.com/zy84338719/upftp/biz/model/settings/settings.go:597.2,597.51 1 0
github.com/zy84338719/upftp/biz/model/settings/settings.go:597.51,599.3 1 0
github.com/zy84338719/upftp/biz/model/settings/settings.go:600.2,600.45 1 0
github.com/zy84338719/upftp/biz/model/settings/settings.go:600.45,601.26 1 0
github.com/zy84338719/upftp/biz/model/settings/settings.go:603.2,604.1 2 0
github.com/zy84338719/upftp/biz/model/settings/settings.go:605.2,606.1 2 0
github.com/zy84338719/upftp/biz/model/settings/settings.go:607.2,607.81 1 0
github.com/zy84338719/upftp/biz/model/settings/settings.go:610.79,611.72 1 0
github.com/zy84338719/upftp/biz/model/settings/settings.go:611.72,612.28 1 0
github.com/zy84338719/upftp/biz/model/settings/settings.go:614.2,614.51 1 0
github.com/zy84338719/upftp/biz/model/settings/settings.go:614.51,616.3 1 0
github.com/zy84338719/upftp/biz/model/settings/settings.go:617.2,617.45 1 0
github.com/zy84338719/upftp/biz/model/settings/settings.go:617.45,618.26 1 0
github.com/zy84338719/upftp/biz/model/settings/settings.go:620.2,621.1 2 0
github.com/zy84338719/upftp/biz/model/settings/settings.go:622.2,623.1 2 0
github.com/zy84338719/upftp/biz/model/settings/settings.go:624.2,624.81 1 0
github.com/zy84338719/upftp/biz/model/settings/settings.go:627.47,628.14 1 0
github.com/zy84338719/upftp/biz/model/settings/settings.go:628.14,630.3 1 0
github.com/zy84338719/upftp/biz/model/settings/settings.go:631.2,631.52 1 0
github.com/zy84338719/upftp/biz/model/settings/settings.go:641.50,643.2 1 0
github.com/zy84338719/upftp/biz/model/settings/settings.go:645.45,646.2 0 0
github.com/zy84338719/upftp/biz/model/settings/settings.go:648.52,650.2 1 0
github.com/zy84338719/upftp/biz/model/settings/settings.go:652.55,654.2 1 0
github.com/zy84338719/upftp/biz/model/settings/settings.go:656.55,658.2 1 0
github.com/zy84338719/upftp/biz/model/settings/settings.go:666.71,671.50 3 0
github.com/zy84338719/upftp/biz/model/settings/settings.go:671.50,672.28 1 0
github.com/zy84338719/upftp/biz/model/settings/settings.go:675.2,675.6 1 0
github.com/zy84338719/upftp/biz/model/settings/settings.go:675.6,677.17 2 0
github.com/zy84338719/upftp/biz/model/settings/settings.go:677.17,678.28 1 0
github.com/zy84338719/upftp/biz/model/settings/settings.go:680.3,680.33 1 0
github.com/zy84338719/upftp/biz/model/settings/settings.go:680.33,681.9 1 0
github.com/zy84338719/upftp/biz/model/settings/settings.go:684.3,684.18 1 0
github.com/zy84338719/upftp/biz/model/settings/settings.go:685.10,686.34 1 0
github.com/zy84338719/upftp/biz/model/settings/settings.go:686.34,687.46 1 0
github.com/zy84338719/upftp/biz/model/settings/settings.go:687.46,688.25 1 0
github.com/zy84338719/upftp/biz/model/settings/settings.go:690.10,690.56 1 0
github.com/zy84338719/upftp/biz/model/settings/settings.go:690.56,691.24 1 0
github.com/zy84338719/upftp/biz/model/settings/settings.go:693.10,694.36 1 0
github.com/zy84338719/upftp/biz/model/settings/settings.go:694.36,695.46 1 0
github.com/zy84338719/upftp/biz/model/settings/settings.go:695.46,696.25 1 0
github.com/zy84338719/upftp/biz/model/settings/settings.go:698.10,698.56 1 0
github.com/zy84338719/upftp/biz/model/settings/settings.go:698.56,699.24 1 0
github.com/zy84338719/upftp/biz/model/settings/settings.go:701.10,702.36 1 0
github.com/zy84338719/upftp/biz/model/settings/settings.go:702.36,703.46 1 0
github.com/zy84338719/upftp/biz/model/settings/settings.go:703.46,704.25 1 0
github.com/zy84338719/upftp/biz/model/settings/settings.go:706.10,706.56 1 0
github.com/zy84338719/upftp/biz/model/settings/settings.go:706.56,707.24 1 0
github.com/zy84338719/upftp/biz/model/settings/settings.go:709.11,710.49 1 0
github.com/zy84338719/upftp/biz/model/settings/settings.go:710.49,711.24 1 0
github.com/zy84338719/upftp/biz/model/settings/settings.go:714.3,714.45 1 0
github.com/zy84338719/upftp/biz/model/settings/settings.go:714.45,715.26 1 0
github.com/zy84338719/upftp/biz/model/settings/settings.go:718.2,718.45 1 0
github.com/zy84338719/upftp/biz/model/settings/settings.go:718.45,719.26 1 0
github.com/zy84338719/upftp/biz/model/settings/settings.go:722.2,723.1 2 0
github.com/zy84338719/upftp/biz/model/settings/settings.go:724.2,725.1 2 0
github.com/zy84338719/upftp/biz/model/settings/settings.go:726.2,727.1 2 0
github.com/zy84338719/upftp/biz/model/settings/settings.go:728.2,729.1 2 0
github.com/zy84338719/upftp/biz/model/settings/settings.go:730.2,732.1 2 0
github.com/zy84338719/upftp/biz/model/settings/settings.go:733.2,734.1 2 0
github.com/zy84338719/upftp/biz/model/settings/settings.go:735.2,735.79 1 0
github.com/zy84338719/upftp/biz/model/settings/settings.go:738.71,741.44 2 0
github.com/zy84338719/upftp/biz/model/settings/settings.go:741.44,743.3 1 0
github.com/zy84338719/upftp/biz/model/settings/settings.go:743.8,745.3 1 0
github.com/zy84338719/upftp/biz/model/settings/settings.go:746.2,747.12 2 0
github.com/zy84338719/upftp/biz/model/settings/settings.go:749.71,752.46 2 0
github.com/zy84338719/upftp/biz/model/settings/settings.go:752.46,754.3 1 0
github.com/zy84338719/upftp/biz/model/settings/settings.go:754.8,756.3 1 0
github.com/zy84338719/upftp/biz/model/settings/settings.go:757.2,758.12 2 0
github.com/zy84338719/upftp/biz/model/settings/settings.go:760.71,763.46 2 0
github.com/zy84338719/upftp/biz/model/settings/settings.go:763.46,765.3 1 0
github.com/zy84338719/upftp/biz/model/settings/settings.go:765.8,767.3 1 0
github.com/zy84338719/upftp/biz/model/settings/settings.go:768.2,769.12 2 0
github.com/zy84338719/upftp/biz/model/settings/settings.go:772.72,774.68 2 0
github.com/zy84338719/upftp/biz/model/settings/settings.go:774.68,775.29 1 0
github.com/zy84338719/upftp/biz/model/settings/settings.go:777.2,777.14 1 0
github.com/zy84338719/upftp/biz/model/settings/settings.go:777.14,778.45 1 0
github.com/zy84338719/upftp/biz/model/settings/settings.go:778.45,780.24 2 0
github.com/zy84338719/upftp/biz/model/settings/settings.go:782.3,782.45 1 0
github.com/zy84338719/upftp/biz/model/settings/settings.go:782.45,784.24 2 0
github.com/zy84338719/upftp/biz/model/settings/settings.go:786.3,786.45 1 0
github.com/zy84338719/upftp/biz/model/settings/settings.go:786.45,788.24 2 0
github.com/zy84338719/upftp/biz/model/settings/settings.go:791.2,791.46 1 0
github.com/zy84338719/upftp/biz/model/settings/settings.go:791.46,792.27 1 0
github.com/zy84338719/upftp/biz/model/settings/settings.go:794.2,794.46 1 0
github.com/zy84338719/upftp/biz/model/settings/settings.go:794.46,795.27 1 0
github.com/zy84338719/upftp/biz/model/settings/settings.go:797.2,798.1 2 0
github.com/zy84338719/upftp/biz/model/settings/settings.go:799.2,800.1 2 0
github.com/zy84338719/upftp/biz/model/settings/settings.go:801.2,802.1 2 0
github.com/zy84338719/upftp/biz/model/settings/settings.go:803.2,804.1 2 0
github.com/zy84338719/upftp/biz/model/settings/settings.go:805.2,805.80 1 0
github.com/zy84338719/upftp/biz/model/settings/settings.go:808.78,809.72 1 0
github.com/zy84338719/upftp/biz/model/settings/settings.go:809.72,810.28 1 0
github.com/zy84338719/upftp/biz/model/settings/settings.go:812.2,812.51 1 0
github.com/zy84338719/upftp/biz/model/settings/settings.go:812.51,814.3 1 0
github.com/zy84338719/upftp/biz/model/settings/settings.go:815.2,815.45 1 0
github.com/zy84338719/upftp/biz/model/settings/settings.go:815.45,816.26 1 0
github.com/zy84338719/upftp/biz/model/settings/settings.go:818.2,819.1 2 0
github.com/zy84338719/upftp/biz/model/settings/settings.go:820.2,821.1 2 0
github.com/zy84338719/upftp/biz/model/settings/settings.go:822.2,822.81 1 0
github.com/zy84338719/upftp/biz/model/settings/settings.go:825.78,826.75 1 0
github.com/zy84338719/upftp/biz/model/settings/settings.go:826.75,827.28 1 0
github.com/zy84338719/upftp/biz/model/settings/settings.go:829.2,829.54 1 0
github.com/zy84338719/upftp/biz/model/settings/settings.go:829.54,831.3 1 0
github.com/zy84338719/upftp/biz/model/settings/settings.go:832.2,832.45 1 0
github.com/zy84338719/upftp/biz/model/settings/settings.go:832.45,833.26 1 0
github.com/zy84338719/upftp/biz/model/settings/settings.go:835.2,836.1 2 0
github.com/zy84338719/upftp/biz/model/settings/settings.go:837.2,838.1 2 0
github.com/zy84338719/upftp/biz/model/settings/settings.go:839.2,839.81 1 0
github.com/zy84338719/upftp/biz/model/settings/settings.go:842.78,843.75 1 0
github.com/zy84338719/upftp/biz/model/settings/settings.go:843.75,844.28 1 0
github.com/zy84338719/upftp/biz/model/settings/settings.go:846.2,846.54 1 0
github.com/zy84338719/upftp/biz/model/settings/settings.go:846.54,848.3 1 0
github.com/zy84338719/upftp/biz/model/settings/settings.go:849.2,849.45 1 0
github.com/zy84338719/upftp/biz/model/settings/settings.go:849.45,850.26 1 0
github.com/zy84338719/upftp/biz/model/settings/settings.go:852.2,853.1 2 0
github.com/zy84338719/upftp/biz/model/settings/settings.go:854.2,855.1 2 0
github.com/zy84338719/upftp/biz/model/settings/settings.go:856.2,856.81 1 0
github.com/zy84338719/upftp/biz/model/settings/settings.go:859.46,860.14 1 0
github.com/zy84338719/upftp/biz/model/settings/settings.go:860.14,862.3 1 0
github.com/zy84338719/upftp/biz/model/settings/settings.go:863.2,863.51 1 0
github.com/zy84338719/upftp/biz/model/settings/settings.go:872.52,874.2 1 0
github.com/zy84338719/upftp/biz/model/settings/settings.go:876.46,877.2 0 0
github.com/zy84338719/upftp/biz/model/settings/settings.go:879.53,881.2 1 0
github.com/zy84338719/upftp/biz/model/settings/settings.go:883.53,885.2 1 0
github.com/zy84338719/upftp/biz/model/settings/settings.go:892.72,897.50 3 0
github.com/zy84338719/upftp/biz/model/settings/settings.go:897.50,898.28 1 0
github.com/zy84338719/upftp/biz/model/settings/settings.go:901.2,901.6 1 0
github.com/zy84338719/upftp/biz/model/settings/settings.go:901.6,903.17 2 0
github.com/zy84338719/upftp/biz/model/settings/settings.go:903.17,904.28 1 0
github.com/zy84338719/upftp/biz/model/settings/settings.go:906.3,906.33 1 0
github.com/zy84338719/upftp/biz/model/settings/settings.go:906.33,907.9 1 0
github.com/zy84338719/upftp/biz/model/settings/settings.go:910.3,910.18 1 0
github.com/zy84338719/upftp/biz/model/settings/settings.go:911.10,912.34 1 0
github.com/zy84338719/upftp/biz/model/settings/settings.go:912.34,913.46 1 0
github.com/zy84338719/upftp/biz/model/settings/settings.go:913.46,914.25 1 0
github.com/zy84338719/upftp/biz/model/settings/settings.go:916.10,916.56 1 0
github.com/zy84338719/upftp/biz/model/settings/settings.go:916.56,917.24 1 0
github.com/zy84338719/upftp/biz/model/settings/settings.go:919.10,920.36 1 0
github.com/zy84338719/upftp/biz/model/settings/settings.go:920.36,921.46 1 0
github.com/zy84338719/upftp/biz/model/settings/settings.go:921.46,922.25 1 0
github.com/zy84338719/upftp/biz/model/settings/settings.go:924.10,924.56 1 0
github.com/zy84338719/upftp/biz/model/settings/settings.go:924.56,925.24 1 0
github.com/zy84338719/upftp/biz/model/settings/settings.go:927.11,928.49 1 0
github.com/zy84338719/upftp/biz/model/settings/settings.go:928.49,929.24 1 0
github.com/zy84338719/upftp/biz/model/settings/settings.go:932.3,932.45 1 0
github.com/zy84338719/upftp/biz/model/settings/settings.go:932.45,933.26 1 0
github.com/zy84338719/upftp/biz/model/settings/settings.go:936.2,936.45 1 0
github.com/zy84338719/upftp/biz/model/settings/settings.go:936.45,937.26 1 0
github.com/zy84338719/upftp/biz/model/settings/settings.go:940.2,941.1 2 0
github.com/zy84338719/upftp/biz/model/settings/settings.go:942.2,943.1 2 0
github.com/zy84338719/upftp/biz/model/settings/settings.go:944.2,945.1 2 0
github.com/zy84338719/upftp/biz/model/settings/settings.go:946.2,947.1 2 0
github.com/zy84338719/upftp/biz/model/settings/settings.go:948.2,950.1 2 0
github.com/zy84338719/upftp/biz/model/settings/settings.go:951.2,952.1 2 0
github.com/zy84338719/upftp/biz/model/settings/settings.go:953.2,953.79 1 0
github.com/zy84338719/upftp/biz/model/settings/settings.go:956.72,959.44 2 0
github.com/zy84338719/upftp/biz/model/settings/settings.go:959.44,961.3 1 0
github.com/zy84338719/upftp/biz/model/settings/settings.go:961.8,963.3 1 0
github.com/zy84338719/upftp/biz/model/settings/settings.go:964.2,965.12 2 0
github.com/zy84338719/upftp/biz/model/settings/settings.go:967.72,970.46 2 0
github.com/zy84338719/upftp/biz/model/settings/settings.go:970.46,972.3 1 0
github.com/zy84338719/upftp/biz/model/settings/settings.go:972.8,974.3 1 0
github.com/zy84338719/upftp/biz/model/settings/settings.go:975.2,976.12 2 0
github.com/zy84338719/upftp/biz/model/settings/settings.go:979.73,981.69 2 0
github.com/zy84338719/upftp/biz/model/settings/settings.go:981.69,982.29 1 0
github.com/zy84338719/upftp/biz/model/settings/settings.go:984.2,984.14 1 0
github.com/zy84338719/upftp/biz/model/settings/settings.go:984.14,985.45 1 0
github.com/zy84338719/upftp/biz/model/settings/settings.go:985.45,987.24 2 0
github.com/zy84338719/upftp/biz/model/settings/settings.go:989.3,989.45 1 0
github.com/zy84338719/upftp/biz/model/settings/settings.go:989.45,991.24 2 0
github.com/zy84338719/upftp/biz/model/settings/settings.go:994.2,994.46 1 0
github.com/zy84338719/upftp/biz/model/settings/settings.go:994.46,995.27 1 0
github.com/zy84338719/upftp/biz/model/settings/settings.go:997.2,997.46 1 0
github.com/zy84338719/upftp/biz/model/settings/settings.go:997.46,998.27 1 0
github.com/zy84338719/upftp/biz/model/settings/settings.go:1000.2,1001.1 2 0
github.com/zy84338719/upftp/biz/model/settings/settings.go:1002.2,1003.1 2 0
github.com/zy84338719/upftp/biz/model/settings/settings.go:1004.2,1005.1 2 0
github.com/zy84338719/upftp/biz/model/settings/settings.go:1006.2,1007.1 2 0
github.com/zy84338719/upftp/biz/model/settings/settings.go:1008.2,1008.80 1 0
github.com/zy84338719/upftp/biz/model/settings/settings.go:1011.79,1012.72 1 0
github.com/zy84338719/upftp/biz/model/settings/settings.go:1012.72,1013.28 1 0
github.com/zy84338719/upftp/biz/model/settings/settings.go:1015.2,1015.51 1 0
github.com/zy84338719/upftp/biz/model/settings/settings.go:1015.51,1017.3 1 0
github.com/zy84338719/upftp/biz/model/settings/settings.go:1018.2,1018.45 1 0
github.com/zy84338719/upftp/biz/model/settings/settings.go:1018.45,1019.26 1 0
github.com/zy84338719/upftp/biz/model/settings/settings.go:1021.2,1022.1 2 0
github.com/zy84338719/upftp/biz/model/settings/settings.go:1023.2,1024.1 2 0
github.com/zy84338719/upftp/biz/model/settings/settings.go:1025.2,1025.81 1 0
github.com/zy84338719/upftp/biz/model/settings/settings.go:1028.79,1029.72 1 0
github.com/zy84338719/upftp/biz/model/settings/settings.go:1029.72,1030.28 1 0
github.com/zy84338719/upftp/biz/model/settings/settings.go:1032.2,1032.51 1 0
github.com/zy84338719/upftp/biz/model/settings/settings.go:1032.51,1034.3 1 0
github.com/zy84338719/upftp/biz/model/settings/settings.go:1035.2,1035.45 1 0
github.com/zy84338719/upftp/biz/model/settings/settings.go:1035.45,1036.26 1 0
github.com/zy84338719/upftp/biz/model/settings/settings.go:1038.2,1039.1 2 0
github.com/zy84338719/upftp/biz/model/settings/settings.go:1040.2,1041.1 2 0
github.com/zy84338719/upftp/biz/model/settings/settings.go:1042.2,1042.81 1 0
github.com/zy84338719/upftp/biz/model/settings/settings.go:1045.47,1046.14 1 0
github.com/zy84338719/upftp/biz/model/settings/settings.go:1046.14,1048.3 1 0
github.com/zy84338719/upftp/biz/model/settings/settings.go:1049.2,1049.52 1 0
github.com/zy84338719/upftp/biz/model/settings/settings.go:1058.40,1060.2 1 0
github.com/zy84338719/upftp/biz/model/settings/settings.go:1062.40,1063.2 0 0
github.com/zy84338719/upftp/biz/model/settings/settings.go:1065.50,1067.2 1 0
github.com/zy84338719/upftp/biz/model/settings/settings.go:1069.50,1071.2 1 0
github.com/zy84338719/upftp/biz/model/settings/settings.go:1078.66,1083.50 3 0
github.com/zy84338719/upftp/biz/model/settings/settings.go:1083.50,1084.28 1 0
github.com/zy84338719/upftp/biz/model/settings/settings.go:1087.2,1087.6 1 0
github.com/zy84338719/upftp/biz/model/settings/settings.go:1087.6,1089.17 2 0
github.com/zy84338719/upftp/biz/model/settings/settings.go:1089.17,1090.28 1 0
github.com/zy84338719/upftp/biz/model/settings/settings.go:1092.3,1092.33 1 0
github.com/zy84338719/upftp/biz/model/settings/settings.go:1092.33,1093.9 1 0
github.com/zy84338719/upftp/biz/model/settings/settings.go:1096.3,1096.18 1 0
github.com/zy84338719/upftp/biz/model/settings/settings.go:1097.10,1098.36 1 0
github.com/zy84338719/upftp/biz/model/settings/settings.go:1098.36,1099.46 1 0
github.com/zy84338719/upftp/biz/model/settings/settings.go:1099.46,1100.25 1 0
github.com/zy84338719/upftp/biz/model/settings/settings.go:1102.10,1102.56 1 0
github.com/zy84338719/upftp/biz/model/settings/settings.go:1102.56,1103.24 1 0
github.com/zy84338719/upftp/biz/model/settings/settings.go:1105.10,1106.36 1 0
github.com/zy84338719/upftp/biz/model/settings/settings.go:1106.36,1107.46 1 0
github.com/zy84338719/upftp/biz/model/settings/settings.go:1107.46,1108.25 1 0
github.com/zy84338719/upftp/biz/model/settings/settings.go:1110.10,1110.56 1 0
github.com/zy84338719/upftp/biz/model/settings/settings.go:1110.56,1111.24 1 0
github.com/zy84338719/upftp/biz/model/settings/settings.go:1113.11,1114.49 1 0
github.com/zy84338719/upftp/biz/model/settings/settings.go:1114.49,1115.24 1 0
github.com/zy84338719/upftp/biz/model/settings/settings.go:1118.3,1118.45 1 0
github.com/zy84338719/upftp/biz/model/settings/settings.go:1118.45,1119.26 1 0
github.com/zy84338719/upftp/biz/model/settings/settings.go:1122.2,1122.45 1 0
github.com/zy84338719/upftp/biz/model/settings/settings.go:1122.45,1123.26 1 0
github.com/zy84338719/upftp/biz/model/settings/settings.go:1126.2,1127.1 2 0
github.com/zy84338719/upftp/biz/model/settings/settings.go:1128.2,1129.1 2 0
github.com/zy84338719/upftp/biz/model/settings/settings.go:1130.2,1131.1 2 0
github.com/zy84338719/upftp/biz/model/settings/settings.go:1132.2,1133.1 2 0
github.com/zy84338719/upftp/biz/model/settings/settings.go:1134.2,1136.1 2 0
github.com/zy84338719/upftp/biz/model/settings/settings.go:1137.2,1138.1 2 0
github.com/zy84338719/upftp/biz/model/settings/settings.go:1139.2,1139.79 1 0
github.com/zy84338719/upftp/biz/model/settings/settings.go:1142.66,1145.46 2 0
github.com/zy84338719/upftp/biz/model/settings/settings.go:1145.46,1147.3 1 0
github.com/zy84338719/upftp/biz/model/settings/settings.go:1147.8,1149.3 1 0
github.com/zy84338719/upftp/biz/model/settings/settings.go:1150.2,1151.12 2 0
github.com/zy84338719/upftp/biz/model/settings/settings.go:1153.66,1156.46 2 0
github.com/zy84338719/upftp/biz/model/settings/settings.go:1156.46,1158.3 1 0
github.com/zy84338719/upftp/biz/model/settings/settings.go:1158.8,1160.3 1 0
github.com/zy84338719/upftp/biz/model/settings/settings.go:1161.2,1162.12 2 0
github.com/zy84338719/upftp/biz/model/settings/settings.go:1165.67,1167.63 2 0
github.com/zy84338719/upftp/biz/model/settings/settings.go:1167.63,1168.29 1 0
github.com/zy84338719/upftp/biz/model/settings/settings.go:1170.2,1170.14 1 0
github.com/zy84338719/upftp/biz/model/settings/settings.go:1170.14,1171.45 1 0
github.com/zy84338719/upftp/biz/model/settings/settings.go:1171.45,1173.24 2 0
github.com/zy84338719/upftp/biz/model/settings/settings.go:1175.3,1175.45 1 0
github.com/zy84338719/upftp/biz/model/settings/settings.go:1175.45,1177.24 2 0
github.com/zy84338719/upftp/biz/model/settings/settings.go:1180.2,1180.46 1 0
github.com/zy84338719/upftp/biz/model/settings/settings.go:1180.46,1181.27 1 0
github.com/zy84338719/upftp/biz/model/settings/settings.go:1183.2,1183.46 1 0
github.com/zy84338719/upftp/biz/model/settings/settings.go:1183.46,1184.27 1 0
github.com/zy84338719/upftp/biz/model/settings/settings.go:1186.2,1187.1 2 0
github.com/zy84338719/upftp/biz/model/settings/settings.go:1188.2,1189.1 2 0
github.com/zy84338719/upftp/biz/model/settings/settings.go:1190.2,1191.1 2 0
github.com/zy84338719/upftp/biz/model/settings/settings.go:1192.2,1193.1 2 0
github.com/zy84338719/upftp/biz/model/settings/settings.go:1194.2,1194.80 1 0
github.com/zy84338719/upftp/biz/model/settings/settings.go:1197.73,1198.75 1 0
github.com/zy84338719/upftp/biz/model/settings/settings.go:1198.75,1199.28 1 0
github.com/zy84338719/upftp/biz/model/settings/settings.go:1201.2,1201.54 1 0
github.com/zy84338719/upftp/biz/model/settings/settings.go:1201.54,1203.3 1 0
github.com/zy84338719/upftp/biz/model/settings/settings.go:1204.2,1204.45 1 0
github.com/zy84338719/upftp/biz/model/settings/settings.go:1204.45,1205.26 1 0
github.com/zy84338719/upftp/biz/model/settings/settings.go:1207.2,1208.1 2 0
github.com/zy84338719/upftp/biz/model/settings/settings.go:1209.2,1210.1 2 0
github.com/zy84338719/upftp/biz/model/settings/settings.go:1211.2,1211.81 1 0
github.com/zy84338719/upftp/biz/model/settings/settings.go:1214.73,1215.75 1 0
github.com/zy84338719/upftp/biz/model/settings/settings.go:1215.75,1216.28 1 0
github.com/zy84338719/upftp/biz/model/settings/settings.go:1218.2,1218.54 1 0
github.com/zy84338719/upftp/biz/model/settings/settings.go:1218.54,1220.3 1 0
github.com/zy84338719/upftp/biz/model/settings/settings.go:1221.2,1221.45 1 0
github.com/zy84338719/upftp/biz/model/settings/settings.go:1221.45,1222.26 1 0
github.com/zy84338719/upftp/biz/model/settings/settings.go:1224.2,1225.1 2 0
github.com/zy84338719/upftp/biz/model/settings/settings.go:1226.2,1227.1 2 0
github.com/zy84338719/upftp/biz/model/settings/settings.go:1228.2,1228.81 1 0
github.com/zy84338719/upftp/biz/model/settings/settings.go:1231.41,1232.14 1 0
github.com/zy84338719/upftp/biz/model/settings/settings.go:1232.14,1234.3 1 0
github.com/zy84338719/upftp/biz/model/settings/settings.go:1235.2,1235.46 1 0
github.com/zy84338719/upftp/biz/model/settings/settings.go:1244.42,1246.2 1 0
github.com/zy84338719/upftp/biz/model/settings/settings.go:1248.41,1249.2 0 0
github.com/zy84338719/upftp/biz/model/settings/settings.go:1251.48,1253.2 1 0
github.com/zy84338719/upftp/biz/model/settings/settings.go:1255.48,1257.2 1 0
github.com/zy84338719/upftp/biz/model/settings/settings.go:1264.67,1269.50 3 0
github.com/zy84338719/upftp/biz/model/settings/settings.go:1269.50,1270.28 1 0
github.com/zy84338719/upftp/biz/model/settings/settings.go:1273.2,1273.6 1 0
github.com/zy84338719/upftp/biz/model/settings/settings.go:1273.6,1275.17 2 0
github.com/zy84338719/upftp/biz/model/settings/settings.go:1275.17,1276.28 1 0
github.com/zy84338719/upftp/biz/model/settings/settings.go:1278.3,1278.33 1 0
github.com/zy84338719/upftp/biz/model/settings/settings.go:1278.33,1279.9 1 0
github.com/zy84338719/upftp/biz/model/settings/settings.go:1282.3,1282.18 1 0
github.com/zy84338719/upftp/biz/model/settings/settings.go:1283.10,1284.34 1 0
github.com/zy84338719/upftp/biz/model/settings/settings.go:1284.34,1285.46 1 0
github.com/zy84338719/upftp/biz/model/settings/settings.go:1285.46,1286.25 1 0
github.com/zy84338719/upftp/biz/model/settings/settings.go:1288.10,1288.56 1 0
github.com/zy84338719/upftp/biz/model/settings/settings.go:1288.56,1289.24 1 0
github.com/zy84338719/upftp/biz/model/settings/settings.go:1291.10,1292.36 1 0
github.com/zy84338719/upftp/biz/model/settings/settings.go:1292.36,1293.46 1 0
github.com/zy84338719/upftp/biz/model/settings/settings.go:1293.46,1294.25 1 0
github.com/zy84338719/upftp/biz/model/settings/settings.go:1296.10,1296.56 1 0
github.com/zy84338719/upftp/biz/model/settings/settings.go:1296.56,1297.24 1 0
github.com/zy84338719/upftp/biz/model/settings/settings.go:1299.11,1300.49 1 0
github.com/zy84338719/upftp/biz/model/settings/settings.go:1300.49,1301.24 1 0
github.com/zy84338719/upftp/biz/model/settings/settings.go:1304.3,1304.45 1 0
github.com/zy84338719/upftp/biz/model/settings/settings.go:1304.45,1305.26 1 0
github.com/zy84338719/upftp/biz/model/settings/settings.go:1308.2,1308.45 1 0
github.com/zy84338719/upftp/biz/model/settings/settings.go:1308.45,1309.26 1 0
github.com/zy84338719/upftp/biz/model/settings/settings.go:1312.2,1313.1 2 0
github.com/zy84338719/upftp/biz/model/settings/settings.go:1314.2,1315.1 2 0
github.com/zy84338719/upftp/biz/model/settings/settings.go:1316.2,1317.1 2 0
github.com/zy84338719/upftp/biz/model/settings/settings.go:1318.2,1319.1 2 0
github.com/zy84338719/upftp/biz/model/settings/settings.go:1320.2,1322.1 2 0
github.com/zy84338719/upftp/biz/model/settings/settings.go:1323.2,1324.1 2 0
github.com/zy84338719/upftp/biz/model/settings/settings.go:1325.2,1325.79 1 0
github.com/zy84338719/upftp/biz/model/settings/settings.go:1328.67,1331.44 2 0
github.com/zy84338719/upftp/biz/model/settings/settings.go:1331.44,1333.3 1 0
github.com/zy84338719/upftp/biz/model/settings/settings.go:1333.8,1335.3 1 0
github.com/zy84338719/upftp/biz/model/settings/settings.go:1336.2,1337.12 2 0
github.com/zy84338719/upftp/biz/model/settings/settings.go:1339.67,1342.46 2 0
github.com/zy84338719/upftp/biz/model/settings/settings.go:1342.46,1344.3 1 0
github.com/zy84338719/upftp/biz/model/settings/settings.go:1344.8,1346.3 1 0
github.com/zy84338719/upftp/biz/model/settings/settings.go:1347.2,1348.12 2 0
github.com/zy84338719/upftp/biz/model/settings/settings.go:1351.68,1353.64 2 0
github.com/zy84338719/upftp/biz/model/settings/settings.go:1353.64,1354.29 1 0
github.com/zy84338719/upftp/biz/model/settings/settings.go:1356.2,1356.14 1 0
github.com/zy84338719/upftp/biz/model/settings/settings.go:1356.14,1357.45 1 0
github.com/zy84338719/upftp/biz/model/settings/settings.go:1357.45,1359.24 2 0
github.com/zy84338719/upftp/biz/model/settings/settings.go:1361.3,1361.45 1 0
github.com/zy84338719/upftp/biz/model/settings/settings.go:1361.45,1363.24 2 0
github.com/zy84338719/upftp/biz/model/settings/settings.go:1366.2,1366.46 1 0
github.com/zy84338719/upftp/biz/model/settings/settings.go:1366.46,1367.27 1 0
github.com/zy84338719/upftp/biz/model/settings/settings.go:1369.2,1369.46 1 0
github.com/zy84338719/upftp/biz/model/settings/settings.go:1369.46,1370.27 1 0
github.com/zy84338719/upftp/biz/model/settings/settings.go:1372.2,1373.1 2 0
github.com/zy84338719/upftp/biz/model/settings/settings.go:1374.2,1375.1 2 0
github.com/zy84338719/upftp/biz/model/settings/settings.go:1376.2,1377.1 2 0
github.com/zy84338719/upftp/biz/model/settings/settings.go:1378.2,1379.1 2 0
github.com/zy84338719/upftp/biz/model/settings/settings.go:1380.2,1380.80 1 0
github.com/zy84338719/upftp/biz/model/settings/settings.go:1383.74,1384.72 1 0
github.com/zy84338719/upftp/biz/model/settings/settings.go:1384.72,1385.28 1 0
github.com/zy84338719/upftp/biz/model/settings/settings.go:1387.2,1387.51 1 0
github.com/zy84338719/upftp/biz/model/settings/settings.go:1387.51,1389.3 1 0
github.com/zy84338719/upftp/biz/model/settings/settings.go:1390.2,1390.45 1 0
github.com/zy84338719/upftp/biz/model/settings/settings.go:1390.45,1391.26 1 0
github.com/zy84338719/upftp/biz/model/settings/settings.go:1393.2,1394.1 2 0
github.com/zy84338719/upftp/biz/model/settings/settings.go:1395.2,1396.1 2 0
github.com/zy84338719/upftp/biz/model/settings/settings.go:1397.2,1397.81 1 0
github.com/zy84338719/upftp/biz/model/settings/settings.go:1400.74,1401.72 1 0
github.com/zy84338719/upftp/biz/model/settings/settings.go:1401.72,1402.28 1 0
github.com/zy84338719/upftp/biz/model/settings/settings.go:1404.2,1404.51 1 0
github.com/zy84338719/upftp/biz/model/settings/settings.go:1404.51,1406.3 1 0
github.com/zy84338719/upftp/biz/model/settings/settings.go:1407.2,1407.45 1 0
github.com/zy84338719/upftp/biz/model/settings/settings.go:1407.45,1408.26 1 0
github.com/zy84338719/upftp/biz/model/settings/settings.go:1410.2,1411.1 2 0
github.com/zy84338719/upftp/biz/model/settings/settings.go:1412.2,1413.1 2 0
github.com/zy84338719/upftp/biz/model/settings/settings.go:1414.2,1414.81 1 0
github.com/zy84338719/upftp/biz/model/settings/settings.go:1417.42,1418.14 1 0
github.com/zy84338719/upftp/biz/model/settings/settings.go:1418.14,1420.3 1 0
github.com/zy84338719/upftp/biz/model/settings/settings.go:1421.2,1421.47 1 0
github.com/zy84338719/upftp/biz/model/settings/settings.go:1439.115,1443.2 1 0
github.com/zy84338719/upftp/biz/model/settings/settings.go:1445.137,1449.2 1 0
github.com/zy84338719/upftp/biz/model/settings/settings.go:1451.78,1455.2 1 0
github.com/zy84338719/upftp/biz/model/settings/settings.go:1457.61,1459.2 1 0
github.com/zy84338719/upftp/biz/model/settings/settings.go:1461.136,1465.84 4 0
github.com/zy84338719/upftp/biz/model/settings/settings.go:1465.84,1467.3 1 0
github.com/zy84338719/upftp/biz/model/settings/settings.go:1468.2,1468.34 1 0
github.com/zy84338719/upftp/biz/model/settings/settings.go:1470.136,1474.84 4 0
github.com/zy84338719/upftp/biz/model/settings/settings.go:1474.84,1476.3 1 0
github.com/zy84338719/upftp/biz/model/settings/settings.go:1477.2,1477.34 1 0
github.com/zy84338719/upftp/biz/model/settings/settings.go:1479.136,1483.84 4 0
github.com/zy84338719/upftp/biz/model/settings/settings.go:1483.84,1485.3 1 0
github.com/zy84338719/upftp/biz/model/settings/settings.go:1486.2,1486.34 1 0
github.com/zy84338719/upftp/biz/model/settings/settings.go:1488.121,1492.79 4 0
github.com/zy84338719/upftp/biz/model/settings/settings.go:1492.79,1494.3 1 0
github.com/zy84338719/upftp/biz/model/settings/settings.go:1495.2,1495.34 1 0
github.com/zy84338719/upftp/biz/model/settings/settings.go:1503.106,1505.2 1 0
github.com/zy84338719/upftp/biz/model/settings/settings.go:1507.119,1510.2 2 0
github.com/zy84338719/upftp/biz/model/settings/settings.go:1512.91,1514.2 1 0
github.com/zy84338719/upftp/biz/model/settings/settings.go:1516.94,1523.2 6 0
github.com/zy84338719/upftp/biz/model/settings/settings.go:1524.137,1526.16 2 0
github.com/zy84338719/upftp/biz/model/settings/settings.go:1526.16,1528.3 1 0
github.com/zy84338719/upftp/biz/model/settings/settings.go:1529.2,1529.55 1 0
github.com/zy84338719/upftp/biz/model/settings/settings.go:1529.55,1531.3 1 0
github.com/zy84338719/upftp/biz/model/settings/settings.go:1532.2,1539.17 8 0
github.com/zy84338719/upftp/biz/model/settings/settings.go:1546.167,1548.40 2 0
github.com/zy84338719/upftp/biz/model/settings/settings.go:1548.40,1556.3 7 0
github.com/zy84338719/upftp/biz/model/settings/settings.go:1558.2,1562.76 5 0
github.com/zy84338719/upftp/biz/model/settings/settings.go:1562.76,1569.3 6 0
github.com/zy84338719/upftp/biz/model/settings/settings.go:1569.8,1571.3 1 0
github.com/zy84338719/upftp/biz/model/settings/settings.go:1572.2,1572.91 1 0
github.com/zy84338719/upftp/biz/model/settings/settings.go:1572.91,1574.3 1 0
github.com/zy84338719/upftp/biz/model/settings/settings.go:1575.2,1575.59 1 0
github.com/zy84338719/upftp/biz/model/settings/settings.go:1575.59,1577.3 1 0
github.com/zy84338719/upftp/biz/model/settings/settings.go:1578.2,1578.63 1 0
github.com/zy84338719/upftp/biz/model/settings/settings.go:1578.63,1580.3 1 0
github.com/zy84338719/upftp/biz/model/settings/settings.go:1581.2,1581.56 1 0
github.com/zy84338719/upftp/biz/model/settings/settings.go:1581.56,1583.3 1 0
github.com/zy84338719/upftp/biz/model/settings/settings.go:1584.2,1584.16 1 0
github.com/zy84338719/upftp/biz/model/settings/settings.go:1584.16,1586.3 1 0
github.com/zy84338719/upftp/biz/model/settings/settings.go:1587.2,1587.18 1 0
github.com/zy84338719/upftp/biz/model/settings/settings.go:1594.167,1596.40 2 0
github.com/zy84338719/upftp/biz/model/settings/settings.go:1596.40,1604.3 7 0
github.com/zy84338719/upftp/biz/model/settings/settings.go:1606.2,1610.76 5 0
github.com/zy84338719/upftp/biz/model/settings/settings.go:1610.76,1617.3 6 0
github.com/zy84338719/upftp/biz/model/settings/settings.go:1617.8,1619.3 1 0
github.com/zy84338719/upftp/biz/model/settings/settings.go:1620.2,1620.91 1 0
github.com/zy84338719/upftp/biz/model/settings/settings.go:1620.91,1622.3 1 0
github.com/zy84338719/upftp/biz/model/settings/settings.go:1623.2,1623.59 1 0
github.com/zy84338719/upftp/biz/model/settings/settings.go:1623.59,1625.3 1 0
github.com/zy84338719/upftp/biz/model/settings/settings.go:1626.2,1626.63 1 0
github.com/zy84338719/upftp/biz/model/settings/settings.go:1626.63,1628.3 1 0
github.com/zy84338719/upftp/biz/model/settings/settings.go:1629.2,1629.56 1 0
github.com/zy84338719/upftp/biz/model/settings/settings.go:1629.56,1631.3 1 0
github.com/zy84338719/upftp/biz/model/settings/settings.go:1632.2,1632.16 1 0
github.com/zy84338719/upftp/biz/model/settings/settings.go:1632.16,1634.3 1 0
github.com/zy84338719/upftp/biz/model/settings/settings.go:1635.2,1635.18 1 0
github.com/zy84338719/upftp/biz/model/settings/settings.go:1642.167,1644.40 2 0
github.com/zy84338719/upftp/biz/model/settings/settings.go:1644.40,1652.3 7 0
github.com/zy84338719/upftp/biz/model/settings/settings.go:1654.2,1658.76 5 0
github.com/zy84338719/upftp/biz/model/settings/settings.go:1658.76,1665.3 6 0
github.com/zy84338719/upftp/biz/model/settings/settings.go:1665.8,1667.3 1 0
github.com/zy84338719/upftp/biz/model/settings/settings.go:1668.2,1668.91 1 0
github.com/zy84338719/upftp/biz/model/settings/settings.go:1668.91,1670.3 1 0
github.com/zy84338719/upftp/biz/model/settings/settings.go:1671.2,1671.59 1 0
github.com/zy84338719/upftp/biz/model/settings/settings.go:1671.59,1673.3 1 0
github.com/zy84338719/upftp/biz/model/settings/settings.go:1674.2,1674.63 1 0
github.com/zy84338719/upftp/biz/model/settings/settings.go:1674.63,1676.3 1 0
github.com/zy84338719/upftp/biz/model/settings/settings.go:1677.2,1677.56 1 0
github.com/zy84338719/upftp/biz/model/settings/settings.go:1677.56,1679.3 1 0
github.com/zy84338719/upftp/biz/model/settings/settings.go:1680.2,1680.16 1 0
github.com/zy84338719/upftp/biz/model/settings/settings.go:1680.16,1682.3 1 0
github.com/zy84338719/upftp/biz/model/settings/settings.go:1683.2,1683.18 1 0
github.com/zy84338719/upftp/biz/model/settings/settings.go:1690.162,1692.40 2 0
github.com/zy84338719/upftp/biz/model/settings/settings.go:1692.40,1700.3 7 0
github.com/zy84338719/upftp/biz/model/settings/settings.go:1702.2,1706.71 5 0
github.com/zy84338719/upftp/biz/model/settings/settings.go:1706.71,1713.3 6 0
github.com/zy84338719/upftp/biz/model/settings/settings.go:1713.8,1715.3 1 0
github.com/zy84338719/upftp/biz/model/settings/settings.go:1716.2,1716.86 1 0
github.com/zy84338719/upftp/biz/model/settings/settings.go:1716.86,1718.3 1 0
github.com/zy84338719/upftp/biz/model/settings/settings.go:1719.2,1719.59 1 0
github.com/zy84338719/upftp/biz/model/settings/settings.go:1719.59,1721.3 1 0
github.com/zy84338719/upftp/biz/model/settings/settings.go:1722.2,1722.63 1 0
github.com/zy84338719/upftp/biz/model/settings/settings.go:1722.63,1724.3 1 0
github.com/zy84338719/upftp/biz/model/settings/settings.go:1725.2,1725.56 1 0
github.com/zy84338719/upftp/biz/model/settings/settings.go:1725.56,1727.3 1 0
github.com/zy84338719/upftp/biz/model/settings/settings.go:1728.2,1728.16 1 0
github.com/zy84338719/upftp/biz/model/settings/settings.go:1728.16,1730.3 1 0
github.com/zy84338719/upftp/biz/model/settings/settings.go:1731.2,1731.18 1 0
github.com/zy84338719/upftp/biz/model/settings/settings.go:1738.92,1740.2 1 0
github.com/zy84338719/upftp/biz/model/settings/settings.go:1742.66,1743.2 0 0
github.com/zy84338719/upftp/biz/model/settings/settings.go:1747.84,1748.19 1 0
github.com/zy84338719/upftp/biz/model/settings/settings.go:1748.19,1750.3 1 0
github.com/zy84338719/upftp/biz/model/settings/settings.go:1751.2,1751.14 1 0
github.com/zy84338719/upftp/biz/model/settings/settings.go:1758.67,1760.2 1 0
github.com/zy84338719/upftp/biz/model/settings/settings.go:1762.92,1767.50 3 0
github.com/zy84338719/upftp/biz/model/settings/settings.go:1767.50,1768.28 1 0
github.com/zy84338719/upftp/biz/model/settings/settings.go:1771.2,1771.6 1 0
github.com/zy84338719/upftp/biz/model/settings/settings.go:1771.6,1773.17 2 0
github.com/zy84338719/upftp/biz/model/settings/settings.go:1773.17,1774.28 1 0
github.com/zy84338719/upftp/biz/model/settings/settings.go:1776.3,1776.33 1 0
github.com/zy84338719/upftp/biz/model/settings/settings.go:1776.33,1777.9 1 0
github.com/zy84338719/upftp/biz/model/settings/settings.go:1780.3,1780.18 1 0
github.com/zy84338719/upftp/biz/model/settings/settings.go:1781.10,1782.36 1 0
github.com/zy84338719/upftp/biz/model/settings/settings.go:1782.36,1783.46 1 0
github.com/zy84338719/upftp/biz/model/settings/settings.go:1783.46,1784.25 1 0
github.com/zy84338719/upftp/biz/model/settings/settings.go:1786.10,1786.56 1 0
github.com/zy84338719/upftp/biz/model/settings/settings.go:1786.56,1787.24 1 0
github.com/zy84338719/upftp/biz/model/settings/settings.go:1789.11,1790.49 1 0
github.com/zy84338719/upftp/biz/model/settings/settings.go:1790.49,1791.24 1 0
github.com/zy84338719/upftp/biz/model/settings/settings.go:1794.3,1794.45 1 0
github.com/zy84338719/upftp/biz/model/settings/settings.go:1794.45,1795.26 1 0
github.com/zy84338719/upftp/biz/model/settings/settings.go:1798.2,1798.45 1 0
github.com/zy84338719/upftp/biz/model/settings/settings.go:1798.45,1799.26 1 0
github.com/zy84338719/upftp/biz/model/settings/settings.go:1802.2,1803.1 2 0
github.com/zy84338719/upftp/biz/model/settings/settings.go:1804.2,1805.1 2 0
github.com/zy84338719/upftp/biz/model/settings/settings.go:1806.2,1807.1 2 0
github.com/zy84338719/upftp/biz/model/settings/settings.go:1808.2,1809.1 2 0
github.com/zy84338719/upftp/biz/model/settings/settings.go:1810.2,1812.1 2 0
github.com/zy84338719/upftp/biz/model/settings/settings.go:1813.2,1814.1 2 0
github.com/zy84338719/upftp/biz/model/settings/settings.go:1815.2,1815.79 1 0
github.com/zy84338719/upftp/biz/model/settings/settings.go:1818.92,1820.43 2 0
github.com/zy84338719/upftp/biz/model/settings/settings.go:1820.43,1822.3 1 0
github.com/zy84338719/upftp/biz/model/settings/settings.go:1823.2,1824.12 2 0
github.com/zy84338719/upftp/biz/model/settings/settings.go:1827.93,1829.72 2 0
github.com/zy84338719/upftp/biz/model/settings/settings.go:1829.72,1830.29 1 0
github.com/zy84338719/upftp/biz/model/settings/settings.go:1832.2,1832.14 1 0
github.com/zy84338719/upftp/biz/model/settings/settings.go:1832.14,1833.45 1 0
github.com/zy84338719/upftp/biz/model/settings/settings.go:1833.45,1835.24 2 0
github.com/zy84338719/upftp/biz/model/settings/settings.go:1838.2,1838.46 1 0
github.com/zy84338719/upftp/biz/model/settings/settings.go:1838.46,1839.27 1 0
github.com/zy84338719/upftp/biz/model/settings/settings.go:1841.2,1841.46 1 0
github.com/zy84338719/upftp/biz/model/settings/settings.go:1841.46,1842.27 1 0
github.com/zy84338719/upftp/biz/model/settings/settings.go:1844.2,1845.1 2 0
github.com/zy84338719/upftp/biz/model/settings/settings.go:1846.2,1847.1 2 0
github.com/zy84338719/upftp/biz/model/settings/settings.go:1848.2,1849.1 2 0
github.com/zy84338719/upftp/biz/model/settings/settings.go:1850.2,1851.1 2 0
github.com/zy84338719/upftp/biz/model/settings/settings.go:1852.2,1852.80 1 0
github.com/zy84338719/upftp/biz/model/settings/settings.go:1855.99,1856.70 1 0
github.com/zy84338719/upftp/biz/model/settings/settings.go:1856.70,1857.28 1 0
github.com/zy84338719/upftp/biz/model/settings/settings.go:1859.2,1859.43 1 0
github.com/zy84338719/upftp/biz/model/settings/settings.go:1859.43,1861.3 1 0
github.com/zy84338719/upftp/biz/model/settings/settings.go:1862.2,1862.45 1 0
github.com/zy84338719/upftp/biz/model/settings/settings.go:1862.45,1863.26 1 0
github.com/zy84338719/upftp/biz/model/settings/settings.go:1865.2,1866.1 2 0
github.com/zy84338719/upftp/biz/model/settings/settings.go:1867.2,1868.1 2 0
github.com/zy84338719/upftp/biz/model/settings/settings.go:1869.2,1869.81 1 0
github.com/zy84338719/upftp/biz/model/settings/settings.go:1872.67,1873.14 1 0
github.com/zy84338719/upftp/biz/model/settings/settings.go:1873.14,1875.3 1 0
github.com/zy84338719/upftp/biz/model/settings/settings.go:1876.2,1876.72 1 0
github.com/zy84338719/upftp/biz/model/settings/settings.go:1884.96,1886.2 1 0
github.com/zy84338719/upftp/biz/model/settings/settings.go:1888.68,1889.2 0 0
github.com/zy84338719/upftp/biz/model/settings/settings.go:1893.91,1894.23 1 0
github.com/zy84338719/upftp/biz/model/settings/settings.go:1894.23,1896.3 1 0
github.com/zy84338719/upftp/biz/model/settings/settings.go:1897.2,1897.18 1 0
github.com/zy84338719/upftp/biz/model/settings/settings.go:1904.73,1906.2 1 0
github.com/zy84338719/upftp/biz/model/settings/settings.go:1908.94,1913.50 3 0
github.com/zy84338719/upftp/biz/model/settings/settings.go:1913.50,1914.28 1 0
github.com/zy84338719/upftp/biz/model/settings/settings.go:1917.2,1917.6 1 0
github.com/zy84338719/upftp/biz/model/settings/settings.go:1917.6,1919.17 2 0
github.com/zy84338719/upftp/biz/model/settings/settings.go:1919.17,1920.28 1 0
github.com/zy84338719/upftp/biz/model/settings/settings.go:1922.3,1922.33 1 0
github.com/zy84338719/upftp/biz/model/settings/settings.go:1922.33,1923.9 1 0
github.com/zy84338719/upftp/biz/model/settings/settings.go:1926.3,1926.18 1 0
github.com/zy84338719/upftp/biz/model/settings/settings.go:1927.10,1928.36 1 0
github.com/zy84338719/upftp/biz/model/settings/settings.go:1928.36,1929.46 1 0
github.com/zy84338719/upftp/biz/model/settings/settings.go:1929.46,1930.25 1 0
github.com/zy84338719/upftp/biz/model/settings/settings.go:1932.10,1932.56 1 0
github.com/zy84338719/upftp/biz/model/settings/settings.go:1932.56,1933.24 1 0
github.com/zy84338719/upftp/biz/model/settings/settings.go:1935.11,1936.49 1 0
github.com/zy84338719/upftp/biz/model/settings/settings.go:1936.49,1937.24 1 0
github.com/zy84338719/upftp/biz/model/settings/settings.go:1940.3,1940.45 1 0
github.com/zy84338719/upftp/biz/model/settings/settings.go:1940.45,1941.26 1 0
github.com/zy84338719/upftp/biz/model/settings/settings.go:1944.2,1944.45 1 0
github.com/zy84338719/upftp/biz/model/settings/settings.go:1944.45,1945.26 1 0
[...]
github.com/zy84338719/upftp/pkg/cli/update.go:51.27,52.42 1 0
github.com/zy84338719/upftp/pkg/cli/update.go:53.23,54.38 1 0
github.com/zy84338719/upftp/pkg/cli/update.go:55.22,56.37 1 0
github.com/zy84338719/upftp/pkg/cli/update.go:57.10,58.33 1 0
github.com/zy84338719/upftp/pkg/cli/update.go:62.68,63.39 1 0
github.com/zy84338719/upftp/pkg/cli/update.go:64.11,66.16 2 0
github.com/zy84338719/upftp/pkg/cli/update.go:67.11,69.16 2 0
github.com/zy84338719/upftp/pkg/cli/update.go:70.11,72.16 2 0
github.com/zy84338719/upftp/pkg/cli/update.go:73.11,76.16 3 0
github.com/zy84338719/upftp/pkg/cli/update.go:77.11,79.16 2 0
github.com/zy84338719/upftp/pkg/cli/update.go:80.11,84.16 4 0
github.com/zy84338719/upftp/pkg/cli/update.go:85.11,86.31 1 0
github.com/zy84338719/upftp/pkg/cli/update.go:86.31,88.4 1 0
github.com/zy84338719/upftp/pkg/cli/update.go:88.9,90.4 1 0
github.com/zy84338719/upftp/pkg/cli/update.go:91.3,91.16 1 0
github.com/zy84338719/upftp/pkg/cli/update.go:92.11,94.16 2 0
github.com/zy84338719/upftp/pkg/cli/update.go:95.11,97.16 2 0
github.com/zy84338719/upftp/pkg/cli/update.go:98.11,99.21 1 0
github.com/zy84338719/upftp/pkg/cli/update.go:99.21,101.4 1 0
github.com/zy84338719/upftp/pkg/cli/update.go:101.9,103.4 1 0
github.com/zy84338719/upftp/pkg/cli/update.go:104.3,106.16 3 0
github.com/zy84338719/upftp/pkg/cli/update.go:107.11,109.21 2 0
github.com/zy84338719/upftp/pkg/cli/update.go:111.2,111.15 1 0
github.com/zy84338719/upftp/pkg/cli/update.go:114.70,115.19 1 0
github.com/zy84338719/upftp/pkg/cli/update.go:115.19,116.23 1 0
github.com/zy84338719/upftp/pkg/cli/update.go:117.16,120.17 3 0
github.com/zy84338719/upftp/pkg/cli/update.go:121.14,122.21 1 0
github.com/zy84338719/upftp/pkg/cli/update.go:123.11,126.17 3 0
github.com/zy84338719/upftp/pkg/cli/update.go:130.2,130.39 1 0
github.com/zy84338719/upftp/pkg/cli/update.go:131.18,132.20 1 0
github.com/zy84338719/upftp/pkg/cli/update.go:134.2,134.15 1 0
github.com/zy84338719/upftp/pkg/cli/update.go:137.70,138.39 1 0
github.com/zy84338719/upftp/pkg/cli/update.go:139.18,140.20 1 0
github.com/zy84338719/upftp/pkg/cli/update.go:142.2,142.15 1 0
github.com/zy84338719/upftp/pkg/cli/update.go:145.74,146.39 1 0
github.com/zy84338719/upftp/pkg/cli/update.go:147.11,157.16 9 0
github.com/zy84338719/upftp/pkg/cli/update.go:158.11,166.16 7 0
github.com/zy84338719/upftp/pkg/cli/update.go:167.11,173.16 6 0
github.com/zy84338719/upftp/pkg/cli/update.go:174.11,180.16 6 0
github.com/zy84338719/upftp/pkg/cli/update.go:181.11,190.16 9 0
github.com/zy84338719/upftp/pkg/cli/update.go:191.11,197.16 6 0
github.com/zy84338719/upftp/pkg/cli/update.go:198.11,204.16 6 0
github.com/zy84338719/upftp/pkg/cli/update.go:205.18,209.16 4 0
github.com/zy84338719/upftp/pkg/cli/update.go:210.11,212.21 2 0
github.com/zy84338719/upftp/pkg/cli/update.go:214.2,214.15 1 0
github.com/zy84338719/upftp/pkg/cli/update.go:217.73,218.20 1 0
github.com/zy84338719/upftp/pkg/cli/update.go:218.20,220.3 1 0
github.com/zy84338719/upftp/pkg/cli/update.go:222.2,222.22 1 0
github.com/zy84338719/upftp/pkg/cli/update.go:223.15,225.24 2 0
github.com/zy84338719/upftp/pkg/cli/update.go:225.24,226.17 1 0
github.com/zy84338719/upftp/pkg/cli/update.go:226.17,231.5 3 0
github.com/zy84338719/upftp/pkg/cli/update.go:232.4,234.17 3 0
github.com/zy84338719/upftp/pkg/cli/update.go:236.3,236.16 1 0
github.com/zy84338719/upftp/pkg/cli/update.go:236.16,241.4 3 0
github.com/zy84338719/upftp/pkg/cli/update.go:242.3,247.16 6 0
github.com/zy84338719/upftp/pkg/cli/update.go:248.13,256.16 8 0
github.com/zy84338719/upftp/pkg/cli/update.go:257.10,260.16 3 0
github.com/zy84338719/upftp/pkg/cli/update.go:264.74,265.39 1 0
github.com/zy84338719/upftp/pkg/cli/update.go:266.11,271.16 5 0
github.com/zy84338719/upftp/pkg/cli/update.go:272.23,276.16 4 0
github.com/zy84338719/upftp/pkg/cli/update.go:278.2,278.15 1 0
github.com/zy84338719/upftp/pkg/cli/update.go:281.79,282.39 1 0
github.com/zy84338719/upftp/pkg/cli/update.go:283.11,288.16 5 0
github.com/zy84338719/upftp/pkg/cli/update.go:289.23,293.16 4 0
github.com/zy84338719/upftp/pkg/cli/update.go:295.2,295.15 1 0
github.com/zy84338719/upftp/pkg/cli/update.go:298.79,299.39 1 0
github.com/zy84338719/upftp/pkg/cli/update.go:300.11,305.16 5 0
github.com/zy84338719/upftp/pkg/cli/update.go:306.23,310.16 4 0
github.com/zy84338719/upftp/pkg/cli/update.go:312.2,312.15 1 0
github.com/zy84338719/upftp/pkg/cli/update.go:315.75,316.20 1 0
github.com/zy84338719/upftp/pkg/cli/update.go:316.20,318.3 1 0
github.com/zy84338719/upftp/pkg/cli/update.go:320.2,320.22 1 0
github.com/zy84338719/upftp/pkg/cli/update.go:321.15,323.24 2 0
github.com/zy84338719/upftp/pkg/cli/update.go:323.24,324.17 1 0
github.com/zy84338719/upftp/pkg/cli/update.go:324.17,327.5 2 0
github.com/zy84338719/upftp/pkg/cli/update.go:328.4,330.17 3 0
github.com/zy84338719/upftp/pkg/cli/update.go:332.3,332.16 1 0
github.com/zy84338719/upftp/pkg/cli/update.go:332.16,335.4 2 0
github.com/zy84338719/upftp/pkg/cli/update.go:336.3,341.16 6 0
github.com/zy84338719/upftp/pkg/cli/update.go:342.13,350.16 8 0
github.com/zy84338719/upftp/pkg/cli/update.go:351.10,354.16 3 0
github.com/zy84338719/upftp/pkg/cli/update.go:358.74,359.39 1 0
github.com/zy84338719/upftp/pkg/cli/update.go:360.11,361.43 1 0
github.com/zy84338719/upftp/pkg/cli/update.go:361.43,363.4 1 0
github.com/zy84338719/upftp/pkg/cli/update.go:363.9,365.33 2 0
github.com/zy84338719/upftp/pkg/cli/update.go:365.33,367.5 1 0
github.com/zy84338719/upftp/pkg/cli/update.go:368.4,368.61 1 0
github.com/zy84338719/upftp/pkg/cli/update.go:370.3,372.16 3 0
github.com/zy84338719/upftp/pkg/cli/update.go:373.23,377.16 4 0
github.com/zy84338719/upftp/pkg/cli/update.go:379.2,379.15 1 0
github.com/zy84338719/upftp/pkg/cli/view.go:9.42,16.2 1 0
github.com/zy84338719/upftp/pkg/cli/view.go:18.30,25.21 5 0
github.com/zy84338719/upftp/pkg/cli/view.go:25.21,29.3 3 0
github.com/zy84338719/upftp/pkg/cli/view.go:31.2,34.19 3 0
github.com/zy84338719/upftp/pkg/cli/view.go:37.38,38.24 1 0
github.com/zy84338719/upftp/pkg/cli/view.go:38.24,40.3 1 0
github.com/zy84338719/upftp/pkg/cli/view.go:41.2,41.32 1 0
github.com/zy84338719/upftp/pkg/cli/view.go:44.38,47.24 2 0
github.com/zy84338719/upftp/pkg/cli/view.go:47.24,50.19 3 0
github.com/zy84338719/upftp/pkg/cli/view.go:50.19,53.4 2 0
github.com/zy84338719/upftp/pkg/cli/view.go:53.9,56.4 2 0
github.com/zy84338719/upftp/pkg/cli/view.go:57.3,57.142 1 0
github.com/zy84338719/upftp/pkg/cli/view.go:60.2,60.19 1 0
github.com/zy84338719/upftp/pkg/cli/view.go:60.19,62.3 1 0
github.com/zy84338719/upftp/pkg/cli/view.go:64.2,64.61 1 0
github.com/zy84338719/upftp/pkg/cli/view.go:67.39,68.16 1 0
github.com/zy84338719/upftp/pkg/cli/view.go:69.16,70.24 1 0
github.com/zy84338719/upftp/pkg/cli/view.go:71.18,72.26 1 0
github.com/zy84338719/upftp/pkg/cli/view.go:73.17,74.25 1 0
github.com/zy84338719/upftp/pkg/cli/view.go:75.20,76.28 1 0
github.com/zy84338719/upftp/pkg/cli/view.go:77.18,78.26 1 0
github.com/zy84338719/upftp/pkg/cli/view.go:79.19,80.27 1 0
github.com/zy84338719/upftp/pkg/cli/view.go:81.17,82.25 1 0
github.com/zy84338719/upftp/pkg/cli/view.go:83.19,84.27 1 0
github.com/zy84338719/upftp/pkg/cli/view.go:85.22,86.30 1 0
github.com/zy84338719/upftp/pkg/cli/view.go:87.21,88.29 1 0
github.com/zy84338719/upftp/pkg/cli/view.go:89.22,90.30 1 0
github.com/zy84338719/upftp/pkg/cli/view.go:91.27,92.35 1 0
github.com/zy84338719/upftp/pkg/cli/view.go:93.27,94.35 1 0
github.com/zy84338719/upftp/pkg/cli/view.go:95.23,96.31 1 0
github.com/zy84338719/upftp/pkg/cli/view.go:97.22,98.30 1 0
github.com/zy84338719/upftp/pkg/cli/view.go:99.22,100.30 1 0
github.com/zy84338719/upftp/pkg/cli/view.go:101.10,102.24 1 0
github.com/zy84338719/upftp/pkg/cli/view_config.go:10.42,26.2 13 0
github.com/zy84338719/upftp/pkg/cli/view_config.go:28.41,39.23 9 0
github.com/zy84338719/upftp/pkg/cli/view_config.go:39.23,41.3 1 0
github.com/zy84338719/upftp/pkg/cli/view_config.go:41.8,43.3 1 0
github.com/zy84338719/upftp/pkg/cli/view_config.go:45.2,45.105 1 0
github.com/zy84338719/upftp/pkg/cli/view_config.go:48.42,54.37 5 0
github.com/zy84338719/upftp/pkg/cli/view_config.go:54.37,57.3 2 0
github.com/zy84338719/upftp/pkg/cli/view_config.go:58.2,60.23 2 0
github.com/zy84338719/upftp/pkg/cli/view_config.go:60.23,62.3 1 0
github.com/zy84338719/upftp/pkg/cli/view_config.go:62.8,62.30 1 0
github.com/zy84338719/upftp/pkg/cli/view_config.go:62.30,64.3 1 0
github.com/zy84338719/upftp/pkg/cli/view_config.go:64.8,66.3 1 0
github.com/zy84338719/upftp/pkg/cli/view_config.go:68.2,68.103 1 0
github.com/zy84338719/upftp/pkg/cli/view_config.go:71.47,82.2 8 0
github.com/zy84338719/upftp/pkg/cli/view_config.go:84.47,95.2 8 0
github.com/zy84338719/upftp/pkg/cli/view_config.go:97.43,107.23 8 0
github.com/zy84338719/upftp/pkg/cli/view_config.go:107.23,109.3 1 0
github.com/zy84338719/upftp/pkg/cli/view_config.go:109.8,111.3 1 0
github.com/zy84338719/upftp/pkg/cli/view_config.go:113.2,113.106 1 0
github.com/zy84338719/upftp/pkg/cli/view_config.go:116.42,121.31 4 0
github.com/zy84338719/upftp/pkg/cli/view_config.go:121.31,123.3 1 0
github.com/zy84338719/upftp/pkg/cli/view_config.go:125.2,130.105 5 0
github.com/zy84338719/upftp/pkg/cli/view_config.go:133.42,156.37 22 0
github.com/zy84338719/upftp/pkg/cli/view_config.go:156.37,159.3 2 0
github.com/zy84338719/upftp/pkg/cli/view_config.go:160.2,171.152 11 0
github.com/zy84338719/upftp/pkg/cli/view_files.go:10.38,19.19 7 0
github.com/zy84338719/upftp/pkg/cli/view_files.go:19.19,23.3 3 0
github.com/zy84338719/upftp/pkg/cli/view_files.go:23.8,29.40 5 0
github.com/zy84338719/upftp/pkg/cli/view_files.go:29.40,30.88 1 0
github.com/zy84338719/upftp/pkg/cli/view_files.go:30.88,36.20 6 0
github.com/zy84338719/upftp/pkg/cli/view_files.go:36.20,38.11 2 0
github.com/zy84338719/upftp/pkg/cli/view_files.go:43.3,43.13 1 0
github.com/zy84338719/upftp/pkg/cli/view_files.go:43.13,45.4 1 0
github.com/zy84338719/upftp/pkg/cli/view_files.go:47.3,50.77 4 0
github.com/zy84338719/upftp/pkg/cli/view_files.go:53.2,53.19 1 0
github.com/zy84338719/upftp/pkg/cli/view_files.go:56.37,67.39 9 0
github.com/zy84338719/upftp/pkg/cli/view_files.go:67.39,72.18 5 0
github.com/zy84338719/upftp/pkg/cli/view_files.go:72.18,74.9 2 0
github.com/zy84338719/upftp/pkg/cli/view_files.go:78.2,82.19 5 0
github.com/zy84338719/upftp/pkg/cli/view_files.go:85.40,89.25 3 0
github.com/zy84338719/upftp/pkg/cli/view_files.go:89.25,91.3 1 0
github.com/zy84338719/upftp/pkg/cli/view_files.go:93.2,94.39 2 0
github.com/zy84338719/upftp/pkg/cli/view_files.go:94.39,97.8 3 0
github.com/zy84338719/upftp/pkg/cli/view_files.go:100.2,110.30 10 0
github.com/zy84338719/upftp/pkg/cli/view_files.go:110.30,116.3 5 0
github.com/zy84338719/upftp/pkg/cli/view_files.go:118.2,123.100 5 0
github.com/zy84338719/upftp/pkg/cli/view_info.go:10.38,17.30 6 0
github.com/zy84338719/upftp/pkg/cli/view_info.go:17.30,19.3 1 0
github.com/zy84338719/upftp/pkg/cli/view_info.go:20.2,32.106 12 0
github.com/zy84338719/upftp/pkg/cli/view_info.go:35.39,51.2 13 0
github.com/zy84338719/upftp/pkg/cli/view_info.go:53.37,88.2 32 0
github.com/zy84338719/upftp/pkg/cli/view_info.go:90.39,110.2 17 0
github.com/zy84338719/upftp/pkg/cli/view_main.go:10.38,35.30 22 0
github.com/zy84338719/upftp/pkg/cli/view_main.go:35.30,41.3 5 0
github.com/zy84338719/upftp/pkg/cli/view_main.go:43.2,80.35 34 0
github.com/zy84338719/upftp/pkg/cli/view_main.go:80.35,90.3 9 0
github.com/zy84338719/upftp/pkg/cli/view_main.go:92.2,96.19 4 0
github.com/zy84338719/upftp/pkg/cli/view_main.go:99.45,119.2 19 0
github.com/zy84338719/upftp/pkg/cli/view_main.go:121.36,155.2 26 0
github.com/zy84338719/upftp/cmd/server/main.go:38.70,40.16 2 0
github.com/zy84338719/upftp/cmd/server/main.go:40.16,42.3 1 0
github.com/zy84338719/upftp/cmd/server/main.go:45.2,47.16 3 0
github.com/zy84338719/upftp/cmd/server/main.go:47.16,51.3 2 0
github.com/zy84338719/upftp/cmd/server/main.go:54.2,55.9 2 0
github.com/zy84338719/upftp/cmd/server/main.go:56.39,57.27 1 0
github.com/zy84338719/upftp/cmd/server/main.go:58.38,59.41 1 0
github.com/zy84338719/upftp/cmd/server/main.go:60.39,61.31 1 0
github.com/zy84338719/upftp/cmd/server/main.go:62.39,63.28 1 0
github.com/zy84338719/upftp/cmd/server/main.go:64.73,65.29 1 0
github.com/zy84338719/upftp/cmd/server/main.go:66.10,67.43 1 0
github.com/zy84338719/upftp/cmd/server/main.go:70.2,72.37 3 0
github.com/zy84338719/upftp/cmd/server/main.go:75.13,84.16 4 0
github.com/zy84338719/upftp/cmd/server/main.go:84.16,86.3 1 0
github.com/zy84338719/upftp/cmd/server/main.go:88.2,92.30 5 0
github.com/zy84338719/upftp/cmd/server/main.go:92.30,94.3 1 0
github.com/zy84338719/upftp/cmd/server/main.go:95.2,95.33 1 0
github.com/zy84338719/upftp/cmd/server/main.go:95.33,97.3 1 0
github.com/zy84338719/upftp/cmd/server/main.go:98.2,98.30 1 0
github.com/zy84338719/upftp/cmd/server/main.go:98.30,100.3 1 0
github.com/zy84338719/upftp/cmd/server/main.go:101.2,101.37 1 0
github.com/zy84338719/upftp/cmd/server/main.go:101.37,103.3 1 0
github.com/zy84338719/upftp/cmd/server/main.go:104.2,104.35 1 0
github.com/zy84338719/upftp/cmd/server/main.go:104.35,106.3 1 0
github.com/zy84338719/upftp/cmd/server/main.go:108.2,117.73 4 0
github.com/zy84338719/upftp/cmd/server/main.go:117.73,120.17 3 0
github.com/zy84338719/upftp/cmd/server/main.go:120.17,123.4 2 0
github.com/zy84338719/upftp/cmd/server/main.go:124.3,126.38 3 0
github.com/zy84338719/upftp/cmd/server/main.go:130.2,132.12 2 0
github.com/zy84338719/upftp/cmd/server/main.go:132.12,134.3 1 0
github.com/zy84338719/upftp/cmd/server/main.go:137.2,137.30 1 0
github.com/zy84338719/upftp/cmd/server/main.go:137.30,139.13 2 0
github.com/zy84338719/upftp/cmd/server/main.go:139.13,144.42 1 0
github.com/zy84338719/upftp/cmd/server/main.go:144.42,146.5 1 0
github.com/zy84338719/upftp/cmd/server/main.go:151.2,151.33 1 0
github.com/zy84338719/upftp/cmd/server/main.go:151.33,153.13 2 0
github.com/zy84338719/upftp/cmd/server/main.go:153.13,158.42 1 0
github.com/zy84338719/upftp/cmd/server/main.go:158.42,160.5 1 0
github.com/zy84338719/upftp/cmd/server/main.go:165.2,165.30 1 0
github.com/zy84338719/upftp/cmd/server/main.go:165.30,167.13 2 0
github.com/zy84338719/upftp/cmd/server/main.go:167.13,172.42 1 0
github.com/zy84338719/upftp/cmd/server/main.go:172.42,174.5 1 0
github.com/zy84338719/upftp/cmd/server/main.go:178.2,186.6 6 0
github.com/zy84338719/upftp/cmd/server/main.go:186.6,189.12 3 0
github.com/zy84338719/upftp/cmd/server/main.go:190.57,193.10 3 0
github.com/zy84338719/upftp/cmd/server/main.go:194.23,197.72 3 0
github.com/zy84338719/upftp/pkg/file/dal/file.go:11.36,13.2 1 4
github.com/zy84338719/upftp/pkg/file/dal/file.go:15.68,17.2 1 1
github.com/zy84338719/upftp/pkg/file/dal/file.go:19.90,21.47 2 5
github.com/zy84338719/upftp/pkg/file/dal/file.go:21.47,23.3 1 0
github.com/zy84338719/upftp/pkg/file/dal/file.go:24.2,24.43 1 5
github.com/zy84338719/upftp/pkg/file/dal/file.go:27.60,29.2 1 1
github.com/zy84338719/upftp/pkg/file/dal/file.go:31.75,33.47 2 0
github.com/zy84338719/upftp/pkg/file/dal/file.go:33.47,35.3 1 0
github.com/zy84338719/upftp/pkg/file/dal/file.go:36.2,36.36 1 0
github.com/zy84338719/upftp/pkg/file/dal/file.go:39.73,41.2 1 0
github.com/zy84338719/upftp/pkg/file/dal/file.go:43.70,45.2 1 0
github.com/zy84338719/upftp/pkg/file/dal/file.go:47.72,49.47 2 0
github.com/zy84338719/upftp/pkg/file/dal/file.go:49.47,51.3 1 0
github.com/zy84338719/upftp/pkg/file/dal/file.go:52.2,52.28 1 0
github.com/zy84338719/upftp/pkg/file/dal/file.go:55.74,57.2 1 1
github.com/zy84338719/upftp/pkg/file/dal/file.go:59.77,61.2 1 0
github.com/zy84338719/upftp/pkg/file/dal/file.go:63.59,65.2 1 0
github.com/zy84338719/upftp/pkg/file/dal/file.go:67.75,69.2 1 0
github.com/zy84338719/upftp/pkg/file/dal/file.go:71.74,73.16 2 1
github.com/zy84338719/upftp/pkg/file/dal/file.go:73.16,75.3 1 0
github.com/zy84338719/upftp/pkg/file/dal/file.go:76.2,79.47 3 1
github.com/zy84338719/upftp/pkg/file/dal/file.go:79.47,81.3 1 0
github.com/zy84338719/upftp/pkg/file/dal/file.go:83.2,84.16 2 1
github.com/zy84338719/upftp/pkg/file/dal/file.go:84.16,86.3 1 0
github.com/zy84338719/upftp/pkg/file/dal/file.go:87.2,89.34 2 1
github.com/zy84338719/upftp/pkg/file/dal/path.go:13.51,15.16 2 4
github.com/zy84338719/upftp/pkg/file/dal/path.go:15.16,16.44 1 0
github.com/zy84338719/upftp/pkg/file/dal/path.go:18.2,18.61 1 4
github.com/zy84338719/upftp/pkg/file/dal/path.go:18.61,20.3 1 4
github.com/zy84338719/upftp/pkg/file/dal/path.go:21.2,21.45 1 4
github.com/zy84338719/upftp/pkg/file/dal/path.go:24.43,26.2 1 0
github.com/zy84338719/upftp/pkg/file/dal/path.go:28.66,29.47 1 18
github.com/zy84338719/upftp/pkg/file/dal/path.go:29.47,31.3 1 2
github.com/zy84338719/upftp/pkg/file/dal/path.go:32.2,33.20 2 16
github.com/zy84338719/upftp/pkg/file/dal/path.go:33.20,35.3 1 1
github.com/zy84338719/upftp/pkg/file/dal/path.go:36.2,36.67 1 15
github.com/zy84338719/upftp/pkg/file/dal/path.go:36.67,38.3 1 4
github.com/zy84338719/upftp/pkg/file/dal/path.go:39.2,39.65 1 11
github.com/zy84338719/upftp/pkg/file/dal/path.go:39.65,41.3 1 5
github.com/zy84338719/upftp/pkg/file/dal/path.go:42.2,43.46 2 6
github.com/zy84338719/upftp/pkg/file/dal/path.go:46.66,50.2 3 2
github.com/zy84338719/upftp/pkg/file/dal/path.go:52.78,53.33 1 7
github.com/zy84338719/upftp/pkg/file/dal/path.go:53.33,55.3 1 6
github.com/zy84338719/upftp/pkg/file/dal/path.go:56.2,56.38 1 1
github.com/zy84338719/upftp/pkg/logger/logger.go:29.33,42.2 2 0
github.com/zy84338719/upftp/pkg/logger/logger.go:45.43,47.2 1 0
github.com/zy84338719/upftp/pkg/logger/logger.go:50.43,52.39 2 0
github.com/zy84338719/upftp/pkg/logger/logger.go:53.15,54.32 1 0
github.com/zy84338719/upftp/pkg/logger/logger.go:55.14,56.31 1 0
github.com/zy84338719/upftp/pkg/logger/logger.go:57.25,58.31 1 0
github.com/zy84338719/upftp/pkg/logger/logger.go:59.15,60.32 1 0
github.com/zy84338719/upftp/pkg/logger/logger.go:61.10,62.31 1 0
github.com/zy84338719/upftp/pkg/logger/logger.go:65.2,66.29 2 0
github.com/zy84338719/upftp/pkg/logger/logger.go:66.29,70.3 3 0
github.com/zy84338719/upftp/pkg/logger/logger.go:70.8,74.3 3 0
github.com/zy84338719/upftp/pkg/logger/logger.go:77.2,80.59 2 0
github.com/zy84338719/upftp/pkg/logger/logger.go:80.59,87.3 2 0
github.com/zy84338719/upftp/pkg/logger/logger.go:90.2,90.56 1 0
github.com/zy84338719/upftp/pkg/logger/logger.go:90.56,93.51 2 0
github.com/zy84338719/upftp/pkg/logger/logger.go:93.51,95.4 1 0
github.com/zy84338719/upftp/pkg/logger/logger.go:95.9,107.31 3 0
github.com/zy84338719/upftp/pkg/logger/logger.go:107.31,109.5 1 0
github.com/zy84338719/upftp/pkg/logger/logger.go:111.4,116.35 2 0
github.com/zy84338719/upftp/pkg/logger/logger.go:121.2,121.21 1 0
github.com/zy84338719/upftp/pkg/logger/logger.go:121.21,128.3 2 0
github.com/zy84338719/upftp/pkg/logger/logger.go:131.2,134.111 3 0
github.com/zy84338719/upftp/pkg/logger/logger.go:138.48,139.16 1 1
github.com/zy84338719/upftp/pkg/logger/logger.go:139.16,141.3 1 0
github.com/zy84338719/upftp/pkg/logger/logger.go:145.47,146.16 1 1
github.com/zy84338719/upftp/pkg/logger/logger.go:146.16,148.3 1 0
github.com/zy84338719/upftp/pkg/logger/logger.go:152.47,153.16 1 1
github.com/zy84338719/upftp/pkg/logger/logger.go:153.16,155.3 1 0
github.com/zy84338719/upftp/pkg/logger/logger.go:159.48,160.16 1 1
github.com/zy84338719/upftp/pkg/logger/logger.go:160.16,162.3 1 0
github.com/zy84338719/upftp/pkg/logger/logger.go:166.48,167.16 1 0
github.com/zy84338719/upftp/pkg/logger/logger.go:167.16,169.3 1 0
github.com/zy84338719/upftp/pkg/logger/logger.go:170.2,170.12 1 0
github.com/zy84338719/upftp/pkg/logger/logger.go:174.67,175.16 1 0
github.com/zy84338719/upftp/pkg/logger/logger.go:175.16,177.3 1 0
github.com/zy84338719/upftp/pkg/logger/logger.go:179.2,180.27 2 0
github.com/zy84338719/upftp/pkg/logger/logger.go:180.27,182.3 1 0
github.com/zy84338719/upftp/pkg/logger/logger.go:184.2,184.39 1 0
github.com/zy84338719/upftp/pkg/logger/logger.go:188.66,189.16 1 0
github.com/zy84338719/upftp/pkg/logger/logger.go:189.16,191.3 1 0
github.com/zy84338719/upftp/pkg/logger/logger.go:193.2,193.46 1 0
